This file contains any messages produced by compilers while
running configure, to aid debugging if configure makes a mistake.

It was created by expat configure 1.95.7, which was
generated by GNU Autoconf 2.64.  Invocation command line was

  $ /home/parallels/src/httpd-2.2.22/srclib/apr-util/xml/expat/configure --disable-option-checking --disable-option-checking --cache-file=/dev/null --srcdir=/home/parallels/src/httpd-2.2.22/srclib/apr-util --with-apr=../apr --prefix=/usr/local/apache2 --exec-prefix=/usr/local/apache2 --libdir=${prefix}/lib --includedir=/usr/local/apache2/include --bindir=${prefix}/bin --cache-file=/dev/null --srcdir=/home/parallels/src/httpd-2.2.22/srclib/apr-util/xml/expat --prefix=/usr/local/apache2 --exec-prefix=/usr/local/apache2 --libdir=/usr/local/apache2/lib --includedir=/usr/local/apache2/include --bindir=/usr/local/apache2/bin

## --------- ##
## Platform. ##
## --------- ##

hostname = ubuntu
uname -m = x86_64
uname -r = 2.6.38-8-generic
uname -s = Linux
uname -v = #42-Ubuntu SMP Mon Apr 11 03:31:24 UTC 2011

/usr/bin/uname -p = unknown
/bin/uname -X     = unknown

/bin/arch              = unknown
/usr/bin/arch -k       = unknown
/usr/convex/getsysinfo = unknown
/usr/bin/hostinfo      = unknown
/bin/machine           = unknown
/usr/bin/oslevel       = unknown
/bin/universe          = unknown

PATH: /usr/local/sbin
PATH: /usr/local/bin
PATH: /usr/sbin
PATH: /usr/bin
PATH: /sbin
PATH: /bin
PATH: /usr/games


## ----------- ##
## Core tests. ##
## ----------- ##

configure:3078: checking build system type
configure:3092: result: x86_64-unknown-linux-gnu
configure:3112: checking host system type
configure:3125: result: x86_64-unknown-linux-gnu
configure:3145: checking target system type
configure:3158: result: x86_64-unknown-linux-gnu
configure:3315: checking for gcc
configure:3331: found /usr/bin/gcc
configure:3342: result: gcc
configure:3571: checking for C compiler version
configure:3580: gcc --version >&5
gcc (Ubuntu/Linaro 4.5.2-8ubuntu4) 4.5.2
Copyright (C) 2010 Free Software Foundation, Inc.
This is free software; see the source for copying conditions.  There is NO
warranty; not even for MERCHANTABILITY or FITNESS FOR A PARTICULAR PURPOSE.

configure:3591: $? = 0
configure:3580: gcc -v >&5
Using built-in specs.
COLLECT_GCC=gcc
COLLECT_LTO_WRAPPER=/usr/lib/x86_64-linux-gnu/gcc/x86_64-linux-gnu/4.5.2/lto-wrapper
Target: x86_64-linux-gnu
Configured with: ../src/configure -v --with-pkgversion='Ubuntu/Linaro 4.5.2-8ubuntu4' --with-bugurl=file:///usr/share/doc/gcc-4.5/README.Bugs --enable-languages=c,c++,fortran,objc,obj-c++ --prefix=/usr --program-suffix=-4.5 --enable-shared --enable-multiarch --with-multiarch-defaults=x86_64-linux-gnu --enable-linker-build-id --with-system-zlib --libexecdir=/usr/lib/x86_64-linux-gnu --without-included-gettext --enable-threads=posix --with-gxx-include-dir=/usr/include/c++/4.5 --libdir=/usr/lib/x86_64-linux-gnu --enable-nls --with-sysroot=/ --enable-clocale=gnu --enable-libstdcxx-debug --enable-libstdcxx-time=yes --enable-plugin --enable-gold --enable-ld=default --with-plugin-ld=ld.gold --enable-objc-gc --disable-werror --with-arch-32=i686 --with-tune=generic --enable-checking=release --build=x86_64-linux-gnu --host=x86_64-linux-gnu --target=x86_64-linux-gnu
Thread model: posix
gcc version 4.5.2 (Ubuntu/Linaro 4.5.2-8ubuntu4) 
configure:3591: $? = 0
configure:3580: gcc -V >&5
gcc: '-V' option must have argument
configure:3591: $? = 1
configure:3580: gcc -qversion >&5
gcc: unrecognized option '-qversion'
gcc: no input files
configure:3591: $? = 1
configure:3613: checking for C compiler default output file name
configure:3635: gcc    conftest.c  >&5
configure:3639: $? = 0
configure:3676: result: a.out
configure:3692: checking whether the C compiler works
configure:3701: ./a.out
configure:3705: $? = 0
configure:3720: result: yes
configure:3727: checking whether we are cross compiling
configure:3729: result: no
configure:3732: checking for suffix of executables
configure:3739: gcc -o conftest    conftest.c  >&5
configure:3743: $? = 0
configure:3765: result: 
configure:3771: checking for suffix of object files
configure:3793: gcc -c   conftest.c >&5
configure:3797: $? = 0
configure:3818: result: o
configure:3822: checking whether we are using the GNU C compiler
configure:3841: gcc -c   conftest.c >&5
configure:3841: $? = 0
configure:3850: result: yes
configure:3859: checking whether gcc accepts -g
configure:3879: gcc -c -g  conftest.c >&5
configure:3879: $? = 0
configure:3920: result: yes
configure:3937: checking for gcc option to accept ISO C89
configure:4001: gcc  -c -g -O2  conftest.c >&5
configure:4001: $? = 0
configure:4014: result: none needed
configure:4034: checking for a sed that does not truncate output
configure:4090: result: /bin/sed
configure:4093: checking for grep that handles long lines and -e
configure:4151: result: /bin/grep
configure:4156: checking for egrep
configure:4218: result: /bin/grep -E
configure:4234: checking for ld used by gcc
configure:4301: result: /usr/bin/ld
configure:4308: checking if the linker (/usr/bin/ld) is GNU ld
configure:4323: result: yes
configure:4328: checking for /usr/bin/ld option to reload object files
configure:4335: result: -r
configure:4353: checking for BSD-compatible nm
configure:4402: result: /usr/bin/nm -B
configure:4406: checking whether ln -s works
configure:4410: result: yes
configure:4417: checking how to recognize dependent libraries
configure:4603: result: pass_all
configure:4692: gcc -c -g -O2  conftest.c >&5
configure:4695: $? = 0
configure:5102: checking how to run the C preprocessor
configure:5133: gcc -E  conftest.c
configure:5133: $? = 0
configure:5147: gcc -E  conftest.c
conftest.c:9:28: fatal error: ac_nonexistent.h: No such file or directory
compilation terminated.
configure:5147: $? = 1
configure: failed program was:
| /* confdefs.h */
| #define PACKAGE_NAME "expat"
| #define PACKAGE_TARNAME "expat"
| #define PACKAGE_VERSION "1.95.7"
| #define PACKAGE_STRING "expat 1.95.7"
| #define PACKAGE_BUGREPORT "expat-bugs@mail.libexpat.org"
| #define PACKAGE_URL ""
| /* end confdefs.h.  */
| #include <ac_nonexistent.h>
configure:5172: result: gcc -E
configure:5192: gcc -E  conftest.c
configure:5192: $? = 0
configure:5206: gcc -E  conftest.c
conftest.c:9:28: fatal error: ac_nonexistent.h: No such file or directory
compilation terminated.
configure:5206: $? = 1
configure: failed program was:
| /* confdefs.h */
| #define PACKAGE_NAME "expat"
| #define PACKAGE_TARNAME "expat"
| #define PACKAGE_VERSION "1.95.7"
| #define PACKAGE_STRING "expat 1.95.7"
| #define PACKAGE_BUGREPORT "expat-bugs@mail.libexpat.org"
| #define PACKAGE_URL ""
| /* end confdefs.h.  */
| #include <ac_nonexistent.h>
configure:5235: checking for ANSI C header files
configure:5255: gcc -c -g -O2  conftest.c >&5
configure:5255: $? = 0
configure:5328: gcc -o conftest -g -O2   conftest.c  >&5
configure:5328: $? = 0
configure:5328: ./conftest
configure:5328: $? = 0
configure:5339: result: yes
configure:5352: checking for sys/types.h
configure:5352: gcc -c -g -O2  conftest.c >&5
configure:5352: $? = 0
configure:5352: result: yes
configure:5352: checking for sys/stat.h
configure:5352: gcc -c -g -O2  conftest.c >&5
configure:5352: $? = 0
configure:5352: result: yes
configure:5352: checking for stdlib.h
configure:5352: gcc -c -g -O2  conftest.c >&5
configure:5352: $? = 0
configure:5352: result: yes
configure:5352: checking for string.h
configure:5352: gcc -c -g -O2  conftest.c >&5
configure:5352: $? = 0
configure:5352: result: yes
configure:5352: checking for memory.h
configure:5352: gcc -c -g -O2  conftest.c >&5
configure:5352: $? = 0
configure:5352: result: yes
configure:5352: checking for strings.h
configure:5352: gcc -c -g -O2  conftest.c >&5
configure:5352: $? = 0
configure:5352: result: yes
configure:5352: checking for inttypes.h
configure:5352: gcc -c -g -O2  conftest.c >&5
configure:5352: $? = 0
configure:5352: result: yes
configure:5352: checking for stdint.h
configure:5352: gcc -c -g -O2  conftest.c >&5
configure:5352: $? = 0
configure:5352: result: yes
configure:5352: checking for unistd.h
configure:5352: gcc -c -g -O2  conftest.c >&5
configure:5352: $? = 0
configure:5352: result: yes
configure:5367: checking dlfcn.h usability
configure:5367: gcc -c -g -O2  conftest.c >&5
configure:5367: $? = 0
configure:5367: result: yes
configure:5367: checking dlfcn.h presence
configure:5367: gcc -E  conftest.c
configure:5367: $? = 0
configure:5367: result: yes
configure:5367: checking for dlfcn.h
configure:5367: result: yes
configure:5435: checking for g++
configure:5451: found /usr/bin/g++
configure:5462: result: g++
configure:5489: checking for C++ compiler version
configure:5498: g++ --version >&5
g++ (Ubuntu/Linaro 4.5.2-8ubuntu4) 4.5.2
Copyright (C) 2010 Free Software Foundation, Inc.
This is free software; see the source for copying conditions.  There is NO
warranty; not even for MERCHANTABILITY or FITNESS FOR A PARTICULAR PURPOSE.

configure:5509: $? = 0
configure:5498: g++ -v >&5
Using built-in specs.
COLLECT_GCC=g++
COLLECT_LTO_WRAPPER=/usr/lib/x86_64-linux-gnu/gcc/x86_64-linux-gnu/4.5.2/lto-wrapper
Target: x86_64-linux-gnu
Configured with: ../src/configure -v --with-pkgversion='Ubuntu/Linaro 4.5.2-8ubuntu4' --with-bugurl=file:///usr/share/doc/gcc-4.5/README.Bugs --enable-languages=c,c++,fortran,objc,obj-c++ --prefix=/usr --program-suffix=-4.5 --enable-shared --enable-multiarch --with-multiarch-defaults=x86_64-linux-gnu --enable-linker-build-id --with-system-zlib --libexecdir=/usr/lib/x86_64-linux-gnu --without-included-gettext --enable-threads=posix --with-gxx-include-dir=/usr/include/c++/4.5 --libdir=/usr/lib/x86_64-linux-gnu --enable-nls --with-sysroot=/ --enable-clocale=gnu --enable-libstdcxx-debug --enable-libstdcxx-time=yes --enable-plugin --enable-gold --enable-ld=default --with-plugin-ld=ld.gold --enable-objc-gc --disable-werror --with-arch-32=i686 --with-tune=generic --enable-checking=release --build=x86_64-linux-gnu --host=x86_64-linux-gnu --target=x86_64-linux-gnu
Thread model: posix
gcc version 4.5.2 (Ubuntu/Linaro 4.5.2-8ubuntu4) 
configure:5509: $? = 0
configure:5498: g++ -V >&5
g++: '-V' option must have argument
configure:5509: $? = 1
configure:5498: g++ -qversion >&5
g++: unrecognized option '-qversion'
g++: no input files
configure:5509: $? = 1
configure:5513: checking whether we are using the GNU C++ compiler
configure:5532: g++ -c   conftest.cpp >&5
configure:5532: $? = 0
configure:5541: result: yes
configure:5550: checking whether g++ accepts -g
configure:5570: g++ -c -g  conftest.cpp >&5
configure:5570: $? = 0
configure:5611: result: yes
configure:5644: checking how to run the C++ preprocessor
configure:5671: g++ -E  conftest.cpp
configure:5671: $? = 0
configure:5685: g++ -E  conftest.cpp
conftest.cpp:20:28: fatal error: ac_nonexistent.h: No such file or directory
compilation terminated.
configure:5685: $? = 1
configure: failed program was:
| /* confdefs.h */
| #define PACKAGE_NAME "expat"
| #define PACKAGE_TARNAME "expat"
| #define PACKAGE_VERSION "1.95.7"
| #define PACKAGE_STRING "expat 1.95.7"
| #define PACKAGE_BUGREPORT "expat-bugs@mail.libexpat.org"
| #define PACKAGE_URL ""
| #define STDC_HEADERS 1
| #define HAVE_SYS_TYPES_H 1
| #define HAVE_SYS_STAT_H 1
| #define HAVE_STDLIB_H 1
| #define HAVE_STRING_H 1
| #define HAVE_MEMORY_H 1
| #define HAVE_STRINGS_H 1
| #define HAVE_INTTYPES_H 1
| #define HAVE_STDINT_H 1
| #define HAVE_UNISTD_H 1
| #define HAVE_DLFCN_H 1
| /* end confdefs.h.  */
| #include <ac_nonexistent.h>
configure:5710: result: g++ -E
configure:5730: g++ -E  conftest.cpp
configure:5730: $? = 0
configure:5744: g++ -E  conftest.cpp
conftest.cpp:20:28: fatal error: ac_nonexistent.h: No such file or directory
compilation terminated.
configure:5744: $? = 1
configure: failed program was:
| /* confdefs.h */
| #define PACKAGE_NAME "expat"
| #define PACKAGE_TARNAME "expat"
| #define PACKAGE_VERSION "1.95.7"
| #define PACKAGE_STRING "expat 1.95.7"
| #define PACKAGE_BUGREPORT "expat-bugs@mail.libexpat.org"
| #define PACKAGE_URL ""
| #define STDC_HEADERS 1
| #define HAVE_SYS_TYPES_H 1
| #define HAVE_SYS_STAT_H 1
| #define HAVE_STDLIB_H 1
| #define HAVE_STRING_H 1
| #define HAVE_MEMORY_H 1
| #define HAVE_STRINGS_H 1
| #define HAVE_INTTYPES_H 1
| #define HAVE_STDINT_H 1
| #define HAVE_UNISTD_H 1
| #define HAVE_DLFCN_H 1
| /* end confdefs.h.  */
| #include <ac_nonexistent.h>
configure:5828: checking for g77
configure:5858: result: no
configure:5828: checking for xlf
configure:5858: result: no
configure:5828: checking for f77
configure:5858: result: no
configure:5828: checking for frt
configure:5858: result: no
configure:5828: checking for pgf77
configure:5858: result: no
configure:5828: checking for cf77
configure:5858: result: no
configure:5828: checking for fort77
configure:5858: result: no
configure:5828: checking for fl32
configure:5858: result: no
configure:5828: checking for af77
configure:5858: result: no
configure:5828: checking for xlf90
configure:5858: result: no
configure:5828: checking for f90
configure:5858: result: no
configure:5828: checking for pgf90
configure:5858: result: no
configure:5828: checking for pghpf
configure:5858: result: no
configure:5828: checking for epcf90
configure:5858: result: no
configure:5828: checking for gfortran
configure:5858: result: no
configure:5828: checking for g95
configure:5858: result: no
configure:5828: checking for xlf95
configure:5858: result: no
configure:5828: checking for f95
configure:5858: result: no
configure:5828: checking for fort
configure:5858: result: no
configure:5828: checking for ifort
configure:5858: result: no
configure:5828: checking for ifc
configure:5858: result: no
configure:5828: checking for efc
configure:5858: result: no
configure:5828: checking for pgf95
configure:5858: result: no
configure:5828: checking for lf95
configure:5858: result: no
configure:5828: checking for ftn
configure:5858: result: no
configure:5881: checking for Fortran 77 compiler version
configure:5890:  --version >&5
/home/parallels/src/httpd-2.2.22/srclib/apr-util/xml/expat/configure: line 5892: --version: command not found
configure:5901: $? = 127
configure:5890:  -v >&5
/home/parallels/src/httpd-2.2.22/srclib/apr-util/xml/expat/configure: line 5892: -v: command not found
configure:5901: $? = 127
configure:5890:  -V >&5
/home/parallels/src/httpd-2.2.22/srclib/apr-util/xml/expat/configure: line 5892: -V: command not found
configure:5901: $? = 127
configure:5890:  -qversion >&5
/home/parallels/src/httpd-2.2.22/srclib/apr-util/xml/expat/configure: line 5892: -qversion: command not found
configure:5901: $? = 127
configure:5910: checking whether we are using the GNU Fortran 77 compiler
configure:5923:  -c  conftest.F >&5
/home/parallels/src/httpd-2.2.22/srclib/apr-util/xml/expat/configure: line 2074: -c: command not found
configure:5923: $? = 127
configure: failed program was:
|       program main
| #ifndef __GNUC__
|        choke me
| #endif
| 
|       end
configure:5932: result: no
configure:5938: checking whether  accepts -g
configure:5949:  -c -g conftest.f >&5
/home/parallels/src/httpd-2.2.22/srclib/apr-util/xml/expat/configure: line 2074: -c: command not found
configure:5949: $? = 127
configure: failed program was:
|       program main
| 
|       end
configure:5957: result: no
configure:5990: checking the maximum length of command line arguments
configure:6102: result: 1572864
configure:6114: checking command to parse /usr/bin/nm -B output from gcc object
configure:6219: gcc -c -g -O2  conftest.c >&5
configure:6222: $? = 0
configure:6226: /usr/bin/nm -B conftest.o \| sed -n -e 's/^.*[ 	]\([ABCDGIRSTW][ABCDGIRSTW]*\)[ 	][ 	]*\([_A-Za-z][_A-Za-z0-9]*\)$/\1 \2 \2/p' \> conftest.nm
configure:6229: $? = 0
configure:6281: gcc -o conftest -g -O2   conftest.c conftstm.o >&5
configure:6284: $? = 0
configure:6322: result: ok
configure:6326: checking for objdir
configure:6341: result: .libs
configure:6433: checking for ar
configure:6449: found /usr/bin/ar
configure:6460: result: ar
configure:6525: checking for ranlib
configure:6541: found /usr/bin/ranlib
configure:6552: result: ranlib
configure:6617: checking for strip
configure:6633: found /usr/bin/strip
configure:6644: result: strip
configure:7209: checking if gcc supports -fno-rtti -fno-exceptions
configure:7227: gcc -c -g -O2  -fno-rtti -fno-exceptions conftest.c >&5
cc1: warning: command line option "-fno-rtti" is valid for C++/ObjC++ but not for C
configure:7231: $? = 0
configure:7244: result: no
configure:7259: checking for gcc option to produce PIC
configure:7491: result: -fPIC
configure:7499: checking if gcc PIC flag -fPIC works
configure:7517: gcc -c -g -O2  -fPIC -DPIC conftest.c >&5
configure:7521: $? = 0
configure:7534: result: yes
configure:7562: checking if gcc static flag -static works
configure:7590: result: yes
configure:7600: checking if gcc supports -c -o file.o
configure:7621: gcc -c -g -O2  -o out/conftest2.o conftest.c >&5
configure:7625: $? = 0
configure:7647: result: yes
configure:7673: checking whether the gcc linker (/usr/bin/ld -m elf_x86_64) supports shared libraries
configure:8599: result: yes
configure:8620: checking whether -lc should be explicitly linked in
configure:8625: gcc -c -g -O2  conftest.c >&5
configure:8628: $? = 0
configure:8643: gcc -shared conftest.o  -v -Wl,-soname -Wl,conftest -o conftest 2\>\&1 \| grep  -lc  \>/dev/null 2\>\&1
configure:8646: $? = 0
configure:8658: result: no
configure:8666: checking dynamic linker characteristics
configure:9270: result: GNU/Linux ld.so
configure:9294: checking how to hardcode library paths into programs
configure:9319: result: immediate
configure:9333: checking whether stripping libraries is possible
configure:9338: result: yes
configure:9855: checking if libtool supports shared libraries
configure:9857: result: yes
configure:9860: checking whether to build shared libraries
configure:9881: result: yes
configure:9884: checking whether to build static libraries
configure:9888: result: yes
configure:9982: creating libtool
configure:10571: checking for ld used by g++
configure:10638: result: /usr/bin/ld -m elf_x86_64
configure:10645: checking if the linker (/usr/bin/ld -m elf_x86_64) is GNU ld
configure:10660: result: yes
configure:10711: checking whether the g++ linker (/usr/bin/ld -m elf_x86_64) supports shared libraries
configure:11603: result: yes
configure:11624: g++ -c -g -O2  conftest.cpp >&5
configure:11627: $? = 0
configure:11783: checking for g++ option to produce PIC
configure:12067: result: -fPIC
configure:12075: checking if g++ PIC flag -fPIC works
configure:12093: g++ -c -g -O2  -fPIC -DPIC conftest.cpp >&5
configure:12097: $? = 0
configure:12110: result: yes
configure:12138: checking if g++ static flag -static works
configure:12166: result: yes
configure:12176: checking if g++ supports -c -o file.o
configure:12197: g++ -c -g -O2  -o out/conftest2.o conftest.cpp >&5
configure:12201: $? = 0
configure:12223: result: yes
configure:12249: checking whether the g++ linker (/usr/bin/ld -m elf_x86_64) supports shared libraries
configure:12275: result: yes
configure:12342: checking dynamic linker characteristics
configure:12894: result: GNU/Linux ld.so
configure:12918: checking how to hardcode library paths into programs
configure:12943: result: immediate
configure:19123: checking for gcc
configure:19150: result: gcc
configure:19379: checking for C compiler version
configure:19388: gcc --version >&5
gcc (Ubuntu/Linaro 4.5.2-8ubuntu4) 4.5.2
Copyright (C) 2010 Free Software Foundation, Inc.
This is free software; see the source for copying conditions.  There is NO
warranty; not even for MERCHANTABILITY or FITNESS FOR A PARTICULAR PURPOSE.

configure:19399: $? = 0
configure:19388: gcc -v >&5
Using built-in specs.
COLLECT_GCC=gcc
COLLECT_LTO_WRAPPER=/usr/lib/x86_64-linux-gnu/gcc/x86_64-linux-gnu/4.5.2/lto-wrapper
Target: x86_64-linux-gnu
Configured with: ../src/configure -v --with-pkgversion='Ubuntu/Linaro 4.5.2-8ubuntu4' --with-bugurl=file:///usr/share/doc/gcc-4.5/README.Bugs --enable-languages=c,c++,fortran,objc,obj-c++ --prefix=/usr --program-suffix=-4.5 --enable-shared --enable-multiarch --with-multiarch-defaults=x86_64-linux-gnu --enable-linker-build-id --with-system-zlib --libexecdir=/usr/lib/x86_64-linux-gnu --without-included-gettext --enable-threads=posix --with-gxx-include-dir=/usr/include/c++/4.5 --libdir=/usr/lib/x86_64-linux-gnu --enable-nls --with-sysroot=/ --enable-clocale=gnu --enable-libstdcxx-debug --enable-libstdcxx-time=yes --enable-plugin --enable-gold --enable-ld=default --with-plugin-ld=ld.gold --enable-objc-gc --disable-werror --with-arch-32=i686 --with-tune=generic --enable-checking=release --build=x86_64-linux-gnu --host=x86_64-linux-gnu --target=x86_64-linux-gnu
Thread model: posix
gcc version 4.5.2 (Ubuntu/Linaro 4.5.2-8ubuntu4) 
configure:19399: $? = 0
configure:19388: gcc -V >&5
gcc: '-V' option must have argument
configure:19399: $? = 1
configure:19388: gcc -qversion >&5
gcc: unrecognized option '-qversion'
gcc: no input files
configure:19399: $? = 1
configure:19403: checking whether we are using the GNU C compiler
configure:19431: result: yes
configure:19440: checking whether gcc accepts -g
configure:19501: result: yes
configure:19518: checking for gcc option to accept ISO C89
configure:19595: result: none needed
configure:19629: checking for a BSD-compatible install
configure:19697: result: /usr/bin/install -c
configure:19709: checking for ANSI C header files
configure:19813: result: yes
configure:19823: checking whether byte ordering is bigendian
configure:19838: gcc -c -g -O2  conftest.c >&5
conftest.c:22:13: error: expected '=', ',', ';', 'asm' or '__attribute__' before 'a'
configure:19838: $? = 1
configure: failed program was:
| /* confdefs.h */
| #define PACKAGE_NAME "expat"
| #define PACKAGE_TARNAME "expat"
| #define PACKAGE_VERSION "1.95.7"
| #define PACKAGE_STRING "expat 1.95.7"
| #define PACKAGE_BUGREPORT "expat-bugs@mail.libexpat.org"
| #define PACKAGE_URL ""
| #define STDC_HEADERS 1
| #define HAVE_SYS_TYPES_H 1
| #define HAVE_SYS_STAT_H 1
| #define HAVE_STDLIB_H 1
| #define HAVE_STRING_H 1
| #define HAVE_MEMORY_H 1
| #define HAVE_STRINGS_H 1
| #define HAVE_INTTYPES_H 1
| #define HAVE_STDINT_H 1
| #define HAVE_UNISTD_H 1
| #define HAVE_DLFCN_H 1
| #define STDC_HEADERS 1
| /* end confdefs.h.  */
| #ifndef __APPLE_CC__
| 	       not a universal capable compiler
| 	     #endif
| 	     typedef int dummy;
| 
configure:19883: gcc -c -g -O2  conftest.c >&5
configure:19883: $? = 0
configure:19901: gcc -c -g -O2  conftest.c >&5
conftest.c: In function 'main':
conftest.c:28:4: error: 'not' undeclared (first use in this function)
conftest.c:28:4: note: each undeclared identifier is reported only once for each function it appears in
conftest.c:28:8: error: expected ';' before 'big'
configure:19901: $? = 1
configure: failed program was:
| /* confdefs.h */
| #define PACKAGE_NAME "expat"
| #define PACKAGE_TARNAME "expat"
| #define PACKAGE_VERSION "1.95.7"
| #define PACKAGE_STRING "expat 1.95.7"
| #define PACKAGE_BUGREPORT "expat-bugs@mail.libexpat.org"
| #define PACKAGE_URL ""
| #define STDC_HEADERS 1
| #define HAVE_SYS_TYPES_H 1
| #define HAVE_SYS_STAT_H 1
| #define HAVE_STDLIB_H 1
| #define HAVE_STRING_H 1
| #define HAVE_MEMORY_H 1
| #define HAVE_STRINGS_H 1
| #define HAVE_INTTYPES_H 1
| #define HAVE_STDINT_H 1
| #define HAVE_UNISTD_H 1
| #define HAVE_DLFCN_H 1
| #define STDC_HEADERS 1
| /* end confdefs.h.  */
| #include <sys/types.h>
| 		#include <sys/param.h>
| 
| int
| main ()
| {
| #if BYTE_ORDER != BIG_ENDIAN
| 		 not big endian
| 		#endif
| 
|   ;
|   return 0;
| }
configure:20029: result: no
configure:20052: checking for an ANSI C-conforming const
configure:20117: gcc -c -g -O2  conftest.c >&5
configure:20117: $? = 0
configure:20124: result: yes
configure:20132: checking for size_t
configure:20132: gcc -c -g -O2  conftest.c >&5
configure:20132: $? = 0
configure:20132: gcc -c -g -O2  conftest.c >&5
conftest.c: In function 'main':
conftest.c:57:21: error: expected expression before ')' token
configure:20132: $? = 1
configure: failed program was:
| /* confdefs.h */
| #define PACKAGE_NAME "expat"
| #define PACKAGE_TARNAME "expat"
| #define PACKAGE_VERSION "1.95.7"
| #define PACKAGE_STRING "expat 1.95.7"
| #define PACKAGE_BUGREPORT "expat-bugs@mail.libexpat.org"
| #define PACKAGE_URL ""
| #define STDC_HEADERS 1
| #define HAVE_SYS_TYPES_H 1
| #define HAVE_SYS_STAT_H 1
| #define HAVE_STDLIB_H 1
| #define HAVE_STRING_H 1
| #define HAVE_MEMORY_H 1
| #define HAVE_STRINGS_H 1
| #define HAVE_INTTYPES_H 1
| #define HAVE_STDINT_H 1
| #define HAVE_UNISTD_H 1
| #define HAVE_DLFCN_H 1
| #define STDC_HEADERS 1
| /* end confdefs.h.  */
| #include <stdio.h>
| #ifdef HAVE_SYS_TYPES_H
| # include <sys/types.h>
| #endif
| #ifdef HAVE_SYS_STAT_H
| # include <sys/stat.h>
| #endif
| #ifdef STDC_HEADERS
| # include <stdlib.h>
| # include <stddef.h>
| #else
| # ifdef HAVE_STDLIB_H
| #  include <stdlib.h>
| # endif
| #endif
| #ifdef HAVE_STRING_H
| # if !defined STDC_HEADERS && defined HAVE_MEMORY_H
| #  include <memory.h>
| # endif
| # include <string.h>
| #endif
| #ifdef HAVE_STRINGS_H
| # include <strings.h>
| #endif
| #ifdef HAVE_INTTYPES_H
| # include <inttypes.h>
| #endif
| #ifdef HAVE_STDINT_H
| # include <stdint.h>
| #endif
| #ifdef HAVE_UNISTD_H
| # include <unistd.h>
| #endif
| int
| main ()
| {
| if (sizeof ((size_t)))
| 	    return 0;
|   ;
|   return 0;
| }
configure:20132: result: yes
configure:20146: checking for memmove
configure:20146: gcc -o conftest -g -O2   conftest.c  >&5
conftest.c:44:6: warning: conflicting types for built-in function 'memmove'
configure:20146: $? = 0
configure:20146: result: yes
configure:20146: checking for bcopy
configure:20146: gcc -o conftest -g -O2   conftest.c  >&5
conftest.c:45:6: warning: conflicting types for built-in function 'bcopy'
configure:20146: $? = 0
configure:20146: result: yes
configure:20159: checking check.h usability
configure:20159: gcc -c -g -O2  conftest.c >&5
conftest.c:56:19: fatal error: check.h: No such file or directory
compilation terminated.
configure:20159: $? = 1
configure: failed program was:
| /* confdefs.h */
| #define PACKAGE_NAME "expat"
| #define PACKAGE_TARNAME "expat"
| #define PACKAGE_VERSION "1.95.7"
| #define PACKAGE_STRING "expat 1.95.7"
| #define PACKAGE_BUGREPORT "expat-bugs@mail.libexpat.org"
| #define PACKAGE_URL ""
| #define STDC_HEADERS 1
| #define HAVE_SYS_TYPES_H 1
| #define HAVE_SYS_STAT_H 1
| #define HAVE_STDLIB_H 1
| #define HAVE_STRING_H 1
| #define HAVE_MEMORY_H 1
| #define HAVE_STRINGS_H 1
| #define HAVE_INTTYPES_H 1
| #define HAVE_STDINT_H 1
| #define HAVE_UNISTD_H 1
| #define HAVE_DLFCN_H 1
| #define STDC_HEADERS 1
| #define HAVE_MEMMOVE 1
| #define HAVE_BCOPY 1
| /* end confdefs.h.  */
| #include <stdio.h>
| #ifdef HAVE_SYS_TYPES_H
| # include <sys/types.h>
| #endif
| #ifdef HAVE_SYS_STAT_H
| # include <sys/stat.h>
| #endif
| #ifdef STDC_HEADERS
| # include <stdlib.h>
| # include <stddef.h>
| #else
| # ifdef HAVE_STDLIB_H
| #  include <stdlib.h>
| # endif
| #endif
| #ifdef HAVE_STRING_H
| # if !defined STDC_HEADERS && defined HAVE_MEMORY_H
| #  include <memory.h>
| # endif
| # include <string.h>
| #endif
| #ifdef HAVE_STRINGS_H
| # include <strings.h>
| #endif
| #ifdef HAVE_INTTYPES_H
| # include <inttypes.h>
| #endif
| #ifdef HAVE_STDINT_H
| # include <stdint.h>
| #endif
| #ifdef HAVE_UNISTD_H
| # include <unistd.h>
| #endif
| #include <check.h>
configure:20159: result: no
configure:20159: checking check.h presence
configure:20159: gcc -E  conftest.c
conftest.c:23:19: fatal error: check.h: No such file or directory
compilation terminated.
configure:20159: $? = 1
configure: failed program was:
| /* confdefs.h */
| #define PACKAGE_NAME "expat"
| #define PACKAGE_TARNAME "expat"
| #define PACKAGE_VERSION "1.95.7"
| #define PACKAGE_STRING "expat 1.95.7"
| #define PACKAGE_BUGREPORT "expat-bugs@mail.libexpat.org"
| #define PACKAGE_URL ""
| #define STDC_HEADERS 1
| #define HAVE_SYS_TYPES_H 1
| #define HAVE_SYS_STAT_H 1
| #define HAVE_STDLIB_H 1
| #define HAVE_STRING_H 1
| #define HAVE_MEMORY_H 1
| #define HAVE_STRINGS_H 1
| #define HAVE_INTTYPES_H 1
| #define HAVE_STDINT_H 1
| #define HAVE_UNISTD_H 1
| #define HAVE_DLFCN_H 1
| #define STDC_HEADERS 1
| #define HAVE_MEMMOVE 1
| #define HAVE_BCOPY 1
| /* end confdefs.h.  */
| #include <check.h>
configure:20159: result: no
configure:20159: checking for check.h
configure:20159: result: no
configure:20285: creating ./config.status

## ---------------------- ##
## Running config.status. ##
## ---------------------- ##

This file was extended by expat config.status 1.95.7, which was
generated by GNU Autoconf 2.64.  Invocation command line was

  CONFIG_FILES    = 
  CONFIG_HEADERS  = 
  CONFIG_LINKS    = 
  CONFIG_COMMANDS = 
  $ ./config.status 

on ubuntu

config.status:841: creating Makefile
config.status:841: creating expat_config.h

## ---------------- ##
## Cache variables. ##
## ---------------- ##

ac_cv_build=x86_64-unknown-linux-gnu
ac_cv_c_bigendian=no
ac_cv_c_compiler_gnu=yes
ac_cv_c_const=yes
ac_cv_cxx_compiler_gnu=yes
ac_cv_env_CCC_set=
ac_cv_env_CCC_value=
ac_cv_env_CC_set=
ac_cv_env_CC_value=
ac_cv_env_CFLAGS_set=
ac_cv_env_CFLAGS_value=
ac_cv_env_CPPFLAGS_set=
ac_cv_env_CPPFLAGS_value=
ac_cv_env_CPP_set=
ac_cv_env_CPP_value=
ac_cv_env_CXXCPP_set=
ac_cv_env_CXXCPP_value=
ac_cv_env_CXXFLAGS_set=
ac_cv_env_CXXFLAGS_value=
ac_cv_env_CXX_set=
ac_cv_env_CXX_value=
ac_cv_env_F77_set=
ac_cv_env_F77_value=
ac_cv_env_FFLAGS_set=
ac_cv_env_FFLAGS_value=
ac_cv_env_LDFLAGS_set=
ac_cv_env_LDFLAGS_value=
ac_cv_env_LIBS_set=
ac_cv_env_LIBS_value=
ac_cv_env_build_alias_set=
ac_cv_env_build_alias_value=
ac_cv_env_host_alias_set=
ac_cv_env_host_alias_value=
ac_cv_env_target_alias_set=
ac_cv_env_target_alias_value=
ac_cv_f77_compiler_gnu=no
ac_cv_func_bcopy=yes
ac_cv_func_memmove=yes
ac_cv_header_check_h=no
ac_cv_header_dlfcn_h=yes
ac_cv_header_inttypes_h=yes
ac_cv_header_memory_h=yes
ac_cv_header_stdc=yes
ac_cv_header_stdint_h=yes
ac_cv_header_stdlib_h=yes
ac_cv_header_string_h=yes
ac_cv_header_strings_h=yes
ac_cv_header_sys_stat_h=yes
ac_cv_header_sys_types_h=yes
ac_cv_header_unistd_h=yes
ac_cv_host=x86_64-unknown-linux-gnu
ac_cv_objext=o
ac_cv_path_EGREP='/bin/grep -E'
ac_cv_path_GREP=/bin/grep
ac_cv_path_install='/usr/bin/install -c'
ac_cv_prog_CPP='gcc -E'
ac_cv_prog_CXXCPP='g++ -E'
ac_cv_prog_ac_ct_AR=ar
ac_cv_prog_ac_ct_CC=gcc
ac_cv_prog_ac_ct_CXX=g++
ac_cv_prog_ac_ct_RANLIB=ranlib
ac_cv_prog_ac_ct_STRIP=strip
ac_cv_prog_cc_c89=
ac_cv_prog_cc_g=yes
ac_cv_prog_cxx_g=yes
ac_cv_prog_f77_g=no
ac_cv_target=x86_64-unknown-linux-gnu
ac_cv_type_size_t=yes
lt_cv_deplibs_check_method=pass_all
lt_cv_file_magic_cmd='$MAGIC_CMD'
lt_cv_file_magic_test_file=
lt_cv_ld_reload_flag=-r
lt_cv_objdir=.libs
lt_cv_path_LD=/usr/bin/ld
lt_cv_path_LDCXX='/usr/bin/ld -m elf_x86_64'
lt_cv_path_NM='/usr/bin/nm -B'
lt_cv_path_SED=/bin/sed
lt_cv_prog_compiler_c_o=yes
lt_cv_prog_compiler_c_o_CXX=yes
lt_cv_prog_compiler_pic_works=yes
lt_cv_prog_compiler_pic_works_CXX=yes
lt_cv_prog_compiler_rtti_exceptions=no
lt_cv_prog_compiler_static_works=yes
lt_cv_prog_compiler_static_works_CXX=yes
lt_cv_prog_gnu_ld=yes
lt_cv_prog_gnu_ldcxx=yes
lt_cv_sys_global_symbol_pipe='sed -n -e '\''s/^.*[ 	]\([ABCDGIRSTW][ABCDGIRSTW]*\)[ 	][ 	]*\([_A-Za-z][_A-Za-z0-9]*\)$/\1 \2 \2/p'\'''
lt_cv_sys_global_symbol_to_c_name_address='sed -n -e '\''s/^: \([^ ]*\) $/  {\"\1\", (lt_ptr) 0},/p'\'' -e '\''s/^[BCDEGRST] \([^ ]*\) \([^ ]*\)$/  {"\2", (lt_ptr) \&\2},/p'\'''
lt_cv_sys_global_symbol_to_cdecl='sed -n -e '\''s/^. .* \(.*\)$/extern int \1;/p'\'''
lt_cv_sys_lib_dlsearch_path_spec='/usr/lib64 /lib64 /usr/lib/mesa /usr/lib32/mesa /usr/lib/alsa-lib /usr/local/lib /lib/x86_64-linux-gnu /usr/lib/x86_64-linux-gnu '
lt_cv_sys_lib_search_path_spec='/usr/lib64 /lib64 /usr/local/lib64'
lt_cv_sys_max_cmd_len=1572864
lt_lt_cv_prog_compiler_c_o='"yes"'
lt_lt_cv_prog_compiler_c_o_CXX='"yes"'
lt_lt_cv_sys_global_symbol_pipe='"sed -n -e '\''s/^.*[ 	]\\([ABCDGIRSTW][ABCDGIRSTW]*\\)[ 	][ 	]*\\([_A-Za-z][_A-Za-z0-9]*\\)\$/\\1 \\2 \\2/p'\''"'
lt_lt_cv_sys_global_symbol_to_c_name_address='"sed -n -e '\''s/^: \\([^ ]*\\) \$/  {\\\"\\1\\\", (lt_ptr) 0},/p'\'' -e '\''s/^[BCDEGRST] \\([^ ]*\\) \\([^ ]*\\)\$/  {\"\\2\", (lt_ptr) \\&\\2},/p'\''"'
lt_lt_cv_sys_global_symbol_to_cdecl='"sed -n -e '\''s/^. .* \\(.*\\)\$/extern int \\1;/p'\''"'

## ----------------- ##
## Output variables. ##
## ----------------- ##

AR='ar'
AS='as'
CC='gcc'
CFLAGS='-g -O2'
CPP='gcc -E'
CPPFLAGS=''
CXX='g++'
CXXCPP='g++ -E'
CXXFLAGS='-g -O2'
DEFS='-DHAVE_CONFIG_H'
DLLTOOL='dlltool'
DSYMUTIL=''
ECHO='echo'
ECHO_C=''
ECHO_N='-n'
ECHO_T=''
EGREP='/bin/grep -E'
EXEEXT=''
F77=''
FFLAGS=''
GREP='/bin/grep'
INSTALL_DATA='${INSTALL} -m 644'
INSTALL_PROGRAM='${INSTALL}'
INSTALL_SCRIPT='${INSTALL}'
LDFLAGS=''
LIBAGE='5'
LIBCURRENT='5'
LIBOBJS=''
LIBREVISION='0'
LIBS=''
LIBTOOL='$(SHELL) $(top_builddir)/libtool'
LN_S='ln -s'
LTLIBOBJS=''
NMEDIT=''
OBJDUMP='objdump'
OBJEXT='o'
PACKAGE_BUGREPORT='expat-bugs@mail.libexpat.org'
PACKAGE_NAME='expat'
PACKAGE_STRING='expat 1.95.7'
PACKAGE_TARNAME='expat'
PACKAGE_URL=''
PACKAGE_VERSION='1.95.7'
PATH_SEPARATOR=':'
RANLIB='ranlib'
SED='/bin/sed'
SHELL='/bin/bash'
STRIP='strip'
ac_ct_CC='gcc'
ac_ct_CXX='g++'
ac_ct_F77=''
bindir='/usr/local/apache2/bin'
build='x86_64-unknown-linux-gnu'
build_alias=''
build_cpu='x86_64'
build_os='linux-gnu'
build_vendor='unknown'
datadir='${datarootdir}'
datarootdir='${prefix}/share'
docdir='${datarootdir}/doc/${PACKAGE_TARNAME}'
dvidir='${docdir}'
exec_prefix='/usr/local/apache2'
host='x86_64-unknown-linux-gnu'
host_alias=''
host_cpu='x86_64'
host_os='linux-gnu'
host_vendor='unknown'
htmldir='${docdir}'
includedir='/usr/local/apache2/include'
infodir='${datarootdir}/info'
libdir='/usr/local/apache2/lib'
libexecdir='${exec_prefix}/libexec'
localedir='${datarootdir}/locale'
localstatedir='${prefix}/var'
mandir='${datarootdir}/man'
oldincludedir='/usr/include'
pdfdir='${docdir}'
prefix='/usr/local/apache2'
program_transform_name='s,x,x,'
psdir='${docdir}'
sbindir='${exec_prefix}/sbin'
sharedstatedir='${prefix}/com'
sysconfdir='${prefix}/etc'
target='x86_64-unknown-linux-gnu'
target_alias=''
target_cpu='x86_64'
target_os='linux-gnu'
target_vendor='unknown'

## ----------- ##
## confdefs.h. ##
## ----------- ##

/* confdefs.h */
#define PACKAGE_NAME "expat"
#define PACKAGE_TARNAME "expat"
#define PACKAGE_VERSION "1.95.7"
#define PACKAGE_STRING "expat 1.95.7"
#define PACKAGE_BUGREPORT "expat-bugs@mail.libexpat.org"
#define PACKAGE_URL ""
#define STDC_HEADERS 1
#define HAVE_SYS_TYPES_H 1
#define HAVE_SYS_STAT_H 1
#define HAVE_STDLIB_H 1
#define HAVE_STRING_H 1
#define HAVE_MEMORY_H 1
#define HAVE_STRINGS_H 1
#define HAVE_INTTYPES_H 1
#define HAVE_STDINT_H 1
#define HAVE_UNISTD_H 1
#define HAVE_DLFCN_H 1
#define STDC_HEADERS 1
#define HAVE_MEMMOVE 1
#define HAVE_BCOPY 1
#define XML_NS 1
#define XML_DTD 1
#define XML_CONTEXT_BYTES 1024

configure: exit 0
