This file contains any messages produced by compilers while
running configure, to aid debugging if configure makes a mistake.

It was created by configure, which was
generated by GNU Autoconf 2.64.  Invocation command line was

  $ ./configure 

## --------- ##
## Platform. ##
## --------- ##

hostname = ubuntu
uname -m = x86_64
uname -r = 2.6.38-8-generic
uname -s = Linux
uname -v = #42-Ubuntu SMP Mon Apr 11 03:31:24 UTC 2011

/usr/bin/uname -p = unknown
/bin/uname -X     = unknown

/bin/arch              = unknown
/usr/bin/arch -k       = unknown
/usr/convex/getsysinfo = unknown
/usr/bin/hostinfo      = unknown
/bin/machine           = unknown
/usr/bin/oslevel       = unknown
/bin/universe          = unknown

PATH: /usr/local/sbin
PATH: /usr/local/bin
PATH: /usr/sbin
PATH: /usr/bin
PATH: /sbin
PATH: /bin
PATH: /usr/games


## ----------- ##
## Core tests. ##
## ----------- ##

configure:2782: checking for chosen layout
configure:2784: result: Apache
configure:3587: checking for working mkdir -p
configure:3603: result: yes
configure:3618: checking build system type
configure:3632: result: x86_64-unknown-linux-gnu
configure:3652: checking host system type
configure:3665: result: x86_64-unknown-linux-gnu
configure:3685: checking target system type
configure:3698: result: x86_64-unknown-linux-gnu
configure:3769: checking for APR
configure:3848: result: reconfig
configure:4121: checking for APR-util
configure:4200: result: reconfig
configure:4442: checking for gcc
configure:4469: result: gcc
configure:4698: checking for C compiler version
configure:4707: gcc --version >&5
gcc (Ubuntu/Linaro 4.5.2-8ubuntu4) 4.5.2
Copyright (C) 2010 Free Software Foundation, Inc.
This is free software; see the source for copying conditions.  There is NO
warranty; not even for MERCHANTABILITY or FITNESS FOR A PARTICULAR PURPOSE.

configure:4718: $? = 0
configure:4707: gcc -v >&5
Using built-in specs.
COLLECT_GCC=gcc
COLLECT_LTO_WRAPPER=/usr/lib/x86_64-linux-gnu/gcc/x86_64-linux-gnu/4.5.2/lto-wrapper
Target: x86_64-linux-gnu
Configured with: ../src/configure -v --with-pkgversion='Ubuntu/Linaro 4.5.2-8ubuntu4' --with-bugurl=file:///usr/share/doc/gcc-4.5/README.Bugs --enable-languages=c,c++,fortran,objc,obj-c++ --prefix=/usr --program-suffix=-4.5 --enable-shared --enable-multiarch --with-multiarch-defaults=x86_64-linux-gnu --enable-linker-build-id --with-system-zlib --libexecdir=/usr/lib/x86_64-linux-gnu --without-included-gettext --enable-threads=posix --with-gxx-include-dir=/usr/include/c++/4.5 --libdir=/usr/lib/x86_64-linux-gnu --enable-nls --with-sysroot=/ --enable-clocale=gnu --enable-libstdcxx-debug --enable-libstdcxx-time=yes --enable-plugin --enable-gold --enable-ld=default --with-plugin-ld=ld.gold --enable-objc-gc --disable-werror --with-arch-32=i686 --with-tune=generic --enable-checking=release --build=x86_64-linux-gnu --host=x86_64-linux-gnu --target=x86_64-linux-gnu
Thread model: posix
gcc version 4.5.2 (Ubuntu/Linaro 4.5.2-8ubuntu4) 
configure:4718: $? = 0
configure:4707: gcc -V >&5
gcc: '-V' option must have argument
configure:4718: $? = 1
configure:4707: gcc -qversion >&5
gcc: unrecognized option '-qversion'
gcc: no input files
configure:4718: $? = 1
configure:4740: checking for C compiler default output file name
configure:4762: gcc  -g -O2 -pthread  -DLINUX=2 -D_REENTRANT -D_GNU_SOURCE   conftest.c  >&5
configure:4766: $? = 0
configure:4803: result: a.out
configure:4819: checking whether the C compiler works
configure:4828: ./a.out
configure:4832: $? = 0
configure:4847: result: yes
configure:4854: checking whether we are cross compiling
configure:4856: result: no
configure:4859: checking for suffix of executables
configure:4866: gcc -o conftest  -g -O2 -pthread  -DLINUX=2 -D_REENTRANT -D_GNU_SOURCE   conftest.c  >&5
configure:4870: $? = 0
configure:4892: result: 
configure:4898: checking for suffix of object files
configure:4920: gcc -c  -g -O2 -pthread  -DLINUX=2 -D_REENTRANT -D_GNU_SOURCE conftest.c >&5
configure:4924: $? = 0
configure:4945: result: o
configure:4949: checking whether we are using the GNU C compiler
configure:4968: gcc -c  -g -O2 -pthread  -DLINUX=2 -D_REENTRANT -D_GNU_SOURCE conftest.c >&5
configure:4968: $? = 0
configure:4977: result: yes
configure:4986: checking whether gcc accepts -g
configure:5006: gcc -c -g  -DLINUX=2 -D_REENTRANT -D_GNU_SOURCE conftest.c >&5
configure:5006: $? = 0
configure:5047: result: yes
configure:5064: checking for gcc option to accept ISO C89
configure:5128: gcc  -c  -g -O2 -pthread  -DLINUX=2 -D_REENTRANT -D_GNU_SOURCE conftest.c >&5
configure:5128: $? = 0
configure:5141: result: none needed
configure:5166: checking how to run the C preprocessor
configure:5236: result: gcc -E
configure:5256: gcc -E  -DLINUX=2 -D_REENTRANT -D_GNU_SOURCE conftest.c
configure:5256: $? = 0
configure:5270: gcc -E  -DLINUX=2 -D_REENTRANT -D_GNU_SOURCE conftest.c
conftest.c:9:28: fatal error: ac_nonexistent.h: No such file or directory
compilation terminated.
configure:5270: $? = 1
configure: failed program was:
| /* confdefs.h */
| #define PACKAGE_NAME ""
| #define PACKAGE_TARNAME ""
| #define PACKAGE_VERSION ""
| #define PACKAGE_STRING ""
| #define PACKAGE_BUGREPORT ""
| #define PACKAGE_URL ""
| /* end confdefs.h.  */
| #include <ac_nonexistent.h>
configure:5417: Configuring PCRE regular expression library
configure:5889: checking for rm
configure:5907: found /bin/rm
configure:5919: result: /bin/rm
configure:5929: checking for pkg-config
configure:5947: found /usr/bin/pkg-config
configure:5959: result: /usr/bin/pkg-config
configure:5969: checking for rsync
configure:5987: found /usr/bin/rsync
configure:5999: result: /usr/bin/rsync
configure:6011: checking for gawk
configure:6041: result: no
configure:6011: checking for mawk
configure:6027: found /usr/bin/mawk
configure:6038: result: mawk
configure:6049: checking whether ln -s works
configure:6053: result: yes
configure:6103: checking for ranlib
configure:6119: found /usr/bin/ranlib
configure:6130: result: ranlib
configure:6156: checking for lynx
configure:6172: found /usr/bin/lynx
configure:6183: result: lynx
configure:6211: checking for grep that handles long lines and -e
configure:6269: result: /bin/grep
configure:6274: checking for egrep
configure:6336: result: /bin/grep -E
configure:6341: checking for ANSI C header files
configure:6361: gcc -c  -g -O2 -pthread  -DLINUX=2 -D_REENTRANT -D_GNU_SOURCE conftest.c >&5
configure:6361: $? = 0
configure:6434: gcc -o conftest  -g -O2 -pthread  -DLINUX=2 -D_REENTRANT -D_GNU_SOURCE   conftest.c  >&5
configure:6434: $? = 0
configure:6434: ./conftest
configure:6434: $? = 0
configure:6445: result: yes
configure:6458: checking for sys/types.h
configure:6458: gcc -c  -g -O2 -pthread  -DLINUX=2 -D_REENTRANT -D_GNU_SOURCE conftest.c >&5
configure:6458: $? = 0
configure:6458: result: yes
configure:6458: checking for sys/stat.h
configure:6458: gcc -c  -g -O2 -pthread  -DLINUX=2 -D_REENTRANT -D_GNU_SOURCE conftest.c >&5
configure:6458: $? = 0
configure:6458: result: yes
configure:6458: checking for stdlib.h
configure:6458: gcc -c  -g -O2 -pthread  -DLINUX=2 -D_REENTRANT -D_GNU_SOURCE conftest.c >&5
configure:6458: $? = 0
configure:6458: result: yes
configure:6458: checking for string.h
configure:6458: gcc -c  -g -O2 -pthread  -DLINUX=2 -D_REENTRANT -D_GNU_SOURCE conftest.c >&5
configure:6458: $? = 0
configure:6458: result: yes
configure:6458: checking for memory.h
configure:6458: gcc -c  -g -O2 -pthread  -DLINUX=2 -D_REENTRANT -D_GNU_SOURCE conftest.c >&5
configure:6458: $? = 0
configure:6458: result: yes
configure:6458: checking for strings.h
configure:6458: gcc -c  -g -O2 -pthread  -DLINUX=2 -D_REENTRANT -D_GNU_SOURCE conftest.c >&5
configure:6458: $? = 0
configure:6458: result: yes
configure:6458: checking for inttypes.h
configure:6458: gcc -c  -g -O2 -pthread  -DLINUX=2 -D_REENTRANT -D_GNU_SOURCE conftest.c >&5
configure:6458: $? = 0
configure:6458: result: yes
configure:6458: checking for stdint.h
configure:6458: gcc -c  -g -O2 -pthread  -DLINUX=2 -D_REENTRANT -D_GNU_SOURCE conftest.c >&5
configure:6458: $? = 0
configure:6458: result: yes
configure:6458: checking for unistd.h
configure:6458: gcc -c  -g -O2 -pthread  -DLINUX=2 -D_REENTRANT -D_GNU_SOURCE conftest.c >&5
configure:6458: $? = 0
configure:6458: result: yes
configure:6472: checking minix/config.h usability
configure:6472: gcc -c  -g -O2 -pthread  -DLINUX=2 -D_REENTRANT -D_GNU_SOURCE conftest.c >&5
conftest.c:52:26: fatal error: minix/config.h: No such file or directory
compilation terminated.
configure:6472: $? = 1
configure: failed program was:
| /* confdefs.h */
| #define PACKAGE_NAME ""
| #define PACKAGE_TARNAME ""
| #define PACKAGE_VERSION ""
| #define PACKAGE_STRING ""
| #define PACKAGE_BUGREPORT ""
| #define PACKAGE_URL ""
| #define STDC_HEADERS 1
| #define HAVE_SYS_TYPES_H 1
| #define HAVE_SYS_STAT_H 1
| #define HAVE_STDLIB_H 1
| #define HAVE_STRING_H 1
| #define HAVE_MEMORY_H 1
| #define HAVE_STRINGS_H 1
| #define HAVE_INTTYPES_H 1
| #define HAVE_STDINT_H 1
| #define HAVE_UNISTD_H 1
| /* end confdefs.h.  */
| #include <stdio.h>
| #ifdef HAVE_SYS_TYPES_H
| # include <sys/types.h>
| #endif
| #ifdef HAVE_SYS_STAT_H
| # include <sys/stat.h>
| #endif
| #ifdef STDC_HEADERS
| # include <stdlib.h>
| # include <stddef.h>
| #else
| # ifdef HAVE_STDLIB_H
| #  include <stdlib.h>
| # endif
| #endif
| #ifdef HAVE_STRING_H
| # if !defined STDC_HEADERS && defined HAVE_MEMORY_H
| #  include <memory.h>
| # endif
| # include <string.h>
| #endif
| #ifdef HAVE_STRINGS_H
| # include <strings.h>
| #endif
| #ifdef HAVE_INTTYPES_H
| # include <inttypes.h>
| #endif
| #ifdef HAVE_STDINT_H
| # include <stdint.h>
| #endif
| #ifdef HAVE_UNISTD_H
| # include <unistd.h>
| #endif
| #include <minix/config.h>
configure:6472: result: no
configure:6472: checking minix/config.h presence
configure:6472: gcc -E  -DLINUX=2 -D_REENTRANT -D_GNU_SOURCE conftest.c
conftest.c:19:26: fatal error: minix/config.h: No such file or directory
compilation terminated.
configure:6472: $? = 1
configure: failed program was:
| /* confdefs.h */
| #define PACKAGE_NAME ""
| #define PACKAGE_TARNAME ""
| #define PACKAGE_VERSION ""
| #define PACKAGE_STRING ""
| #define PACKAGE_BUGREPORT ""
| #define PACKAGE_URL ""
| #define STDC_HEADERS 1
| #define HAVE_SYS_TYPES_H 1
| #define HAVE_SYS_STAT_H 1
| #define HAVE_STDLIB_H 1
| #define HAVE_STRING_H 1
| #define HAVE_MEMORY_H 1
| #define HAVE_STRINGS_H 1
| #define HAVE_INTTYPES_H 1
| #define HAVE_STDINT_H 1
| #define HAVE_UNISTD_H 1
| /* end confdefs.h.  */
| #include <minix/config.h>
configure:6472: result: no
configure:6472: checking for minix/config.h
configure:6472: result: no
configure:6493: checking whether it is safe to define __EXTENSIONS__
configure:6511: gcc -c  -g -O2 -pthread  -DLINUX=2 -D_REENTRANT -D_GNU_SOURCE conftest.c >&5
configure:6511: $? = 0
configure:6518: result: yes
configure:6534: checking for library containing strerror
configure:6565: gcc -o conftest  -g -O2 -pthread  -DLINUX=2 -D_REENTRANT -D_GNU_SOURCE   conftest.c  >&5
configure:6565: $? = 0
configure:6582: result: none required
configure:6731: checking for ANSI C header files
configure:6835: result: yes
configure:6857: checking for string.h
configure:6857: result: yes
configure:6857: checking limits.h usability
configure:6857: gcc -c  -g -O2 -pthread  -DLINUX=2 -D_REENTRANT -D_GNU_SOURCE conftest.c >&5
configure:6857: $? = 0
configure:6857: result: yes
configure:6857: checking limits.h presence
configure:6857: gcc -E  -DLINUX=2 -D_REENTRANT -D_GNU_SOURCE conftest.c
configure:6857: $? = 0
configure:6857: result: yes
configure:6857: checking for limits.h
configure:6857: result: yes
configure:6857: checking for unistd.h
configure:6857: result: yes
configure:6857: checking sys/socket.h usability
configure:6857: gcc -c  -g -O2 -pthread  -DLINUX=2 -D_REENTRANT -D_GNU_SOURCE conftest.c >&5
configure:6857: $? = 0
configure:6857: result: yes
configure:6857: checking sys/socket.h presence
configure:6857: gcc -E  -DLINUX=2 -D_REENTRANT -D_GNU_SOURCE conftest.c
configure:6857: $? = 0
configure:6857: result: yes
configure:6857: checking for sys/socket.h
configure:6857: result: yes
configure:6857: checking pwd.h usability
configure:6857: gcc -c  -g -O2 -pthread  -DLINUX=2 -D_REENTRANT -D_GNU_SOURCE conftest.c >&5
configure:6857: $? = 0
configure:6857: result: yes
configure:6857: checking pwd.h presence
configure:6857: gcc -E  -DLINUX=2 -D_REENTRANT -D_GNU_SOURCE conftest.c
configure:6857: $? = 0
configure:6857: result: yes
configure:6857: checking for pwd.h
configure:6857: result: yes
configure:6857: checking grp.h usability
configure:6857: gcc -c  -g -O2 -pthread  -DLINUX=2 -D_REENTRANT -D_GNU_SOURCE conftest.c >&5
configure:6857: $? = 0
configure:6857: result: yes
configure:6857: checking grp.h presence
configure:6857: gcc -E  -DLINUX=2 -D_REENTRANT -D_GNU_SOURCE conftest.c
configure:6857: $? = 0
configure:6857: result: yes
configure:6857: checking for grp.h
configure:6857: result: yes
configure:6857: checking for strings.h
configure:6857: result: yes
configure:6857: checking sys/prctl.h usability
configure:6857: gcc -c  -g -O2 -pthread  -DLINUX=2 -D_REENTRANT -D_GNU_SOURCE conftest.c >&5
configure:6857: $? = 0
configure:6857: result: yes
configure:6857: checking sys/prctl.h presence
configure:6857: gcc -E  -DLINUX=2 -D_REENTRANT -D_GNU_SOURCE conftest.c
configure:6857: $? = 0
configure:6857: result: yes
configure:6857: checking for sys/prctl.h
configure:6857: result: yes
configure:6857: checking sys/processor.h usability
configure:6857: gcc -c  -g -O2 -pthread  -DLINUX=2 -D_REENTRANT -D_GNU_SOURCE conftest.c >&5
conftest.c:66:27: fatal error: sys/processor.h: No such file or directory
compilation terminated.
configure:6857: $? = 1
configure: failed program was:
| /* confdefs.h */
| #define PACKAGE_NAME ""
| #define PACKAGE_TARNAME ""
| #define PACKAGE_VERSION ""
| #define PACKAGE_STRING ""
| #define PACKAGE_BUGREPORT ""
| #define PACKAGE_URL ""
| #define STDC_HEADERS 1
| #define HAVE_SYS_TYPES_H 1
| #define HAVE_SYS_STAT_H 1
| #define HAVE_STDLIB_H 1
| #define HAVE_STRING_H 1
| #define HAVE_MEMORY_H 1
| #define HAVE_STRINGS_H 1
| #define HAVE_INTTYPES_H 1
| #define HAVE_STDINT_H 1
| #define HAVE_UNISTD_H 1
| #define __EXTENSIONS__ 1
| #define _ALL_SOURCE 1
| #define _GNU_SOURCE 1
| #define _POSIX_PTHREAD_SEMANTICS 1
| #define _TANDEM_SOURCE 1
| #define STDC_HEADERS 1
| #define HAVE_STRING_H 1
| #define HAVE_LIMITS_H 1
| #define HAVE_UNISTD_H 1
| #define HAVE_SYS_SOCKET_H 1
| #define HAVE_PWD_H 1
| #define HAVE_GRP_H 1
| #define HAVE_STRINGS_H 1
| #define HAVE_SYS_PRCTL_H 1
| /* end confdefs.h.  */
| #include <stdio.h>
| #ifdef HAVE_SYS_TYPES_H
| # include <sys/types.h>
| #endif
| #ifdef HAVE_SYS_STAT_H
| # include <sys/stat.h>
| #endif
| #ifdef STDC_HEADERS
| # include <stdlib.h>
| # include <stddef.h>
| #else
| # ifdef HAVE_STDLIB_H
| #  include <stdlib.h>
| # endif
| #endif
| #ifdef HAVE_STRING_H
| # if !defined STDC_HEADERS && defined HAVE_MEMORY_H
| #  include <memory.h>
| # endif
| # include <string.h>
| #endif
| #ifdef HAVE_STRINGS_H
| # include <strings.h>
| #endif
| #ifdef HAVE_INTTYPES_H
| # include <inttypes.h>
| #endif
| #ifdef HAVE_STDINT_H
| # include <stdint.h>
| #endif
| #ifdef HAVE_UNISTD_H
| # include <unistd.h>
| #endif
| #include <sys/processor.h>
configure:6857: result: no
configure:6857: checking sys/processor.h presence
configure:6857: gcc -E  -DLINUX=2 -D_REENTRANT -D_GNU_SOURCE conftest.c
conftest.c:33:27: fatal error: sys/processor.h: No such file or directory
compilation terminated.
configure:6857: $? = 1
configure: failed program was:
| /* confdefs.h */
| #define PACKAGE_NAME ""
| #define PACKAGE_TARNAME ""
| #define PACKAGE_VERSION ""
| #define PACKAGE_STRING ""
| #define PACKAGE_BUGREPORT ""
| #define PACKAGE_URL ""
| #define STDC_HEADERS 1
| #define HAVE_SYS_TYPES_H 1
| #define HAVE_SYS_STAT_H 1
| #define HAVE_STDLIB_H 1
| #define HAVE_STRING_H 1
| #define HAVE_MEMORY_H 1
| #define HAVE_STRINGS_H 1
| #define HAVE_INTTYPES_H 1
| #define HAVE_STDINT_H 1
| #define HAVE_UNISTD_H 1
| #define __EXTENSIONS__ 1
| #define _ALL_SOURCE 1
| #define _GNU_SOURCE 1
| #define _POSIX_PTHREAD_SEMANTICS 1
| #define _TANDEM_SOURCE 1
| #define STDC_HEADERS 1
| #define HAVE_STRING_H 1
| #define HAVE_LIMITS_H 1
| #define HAVE_UNISTD_H 1
| #define HAVE_SYS_SOCKET_H 1
| #define HAVE_PWD_H 1
| #define HAVE_GRP_H 1
| #define HAVE_STRINGS_H 1
| #define HAVE_SYS_PRCTL_H 1
| /* end confdefs.h.  */
| #include <sys/processor.h>
configure:6857: result: no
configure:6857: checking for sys/processor.h
configure:6857: result: no
configure:6857: checking sys/sem.h usability
configure:6857: gcc -c  -g -O2 -pthread  -DLINUX=2 -D_REENTRANT -D_GNU_SOURCE conftest.c >&5
configure:6857: $? = 0
configure:6857: result: yes
configure:6857: checking sys/sem.h presence
configure:6857: gcc -E  -DLINUX=2 -D_REENTRANT -D_GNU_SOURCE conftest.c
configure:6857: $? = 0
configure:6857: result: yes
configure:6857: checking for sys/sem.h
configure:6857: result: yes
configure:6868: checking for sys/wait.h that is POSIX.1 compatible
configure:6894: gcc -c  -g -O2 -pthread  -DLINUX=2 -D_REENTRANT -D_GNU_SOURCE conftest.c >&5
configure:6894: $? = 0
configure:6901: result: yes
configure:6911: checking for an ANSI C-conforming const
configure:6976: gcc -c  -g -O2 -pthread  -DLINUX=2 -D_REENTRANT -D_GNU_SOURCE conftest.c >&5
configure:6976: $? = 0
configure:6983: result: yes
configure:6992: checking for library containing sqrt
configure:7023: gcc -o conftest  -g -O2 -pthread  -DLINUX=2 -D_REENTRANT -D_GNU_SOURCE   conftest.c  >&5
conftest.c:42:6: warning: conflicting types for built-in function 'sqrt'
/tmp/ccLQHISn.o: In function `main':
/home/parallels/src/httpd-2.2.22/conftest.c:46: undefined reference to `sqrt'
collect2: ld returned 1 exit status
configure:7023: $? = 1
configure: failed program was:
| /* confdefs.h */
| #define PACKAGE_NAME ""
| #define PACKAGE_TARNAME ""
| #define PACKAGE_VERSION ""
| #define PACKAGE_STRING ""
| #define PACKAGE_BUGREPORT ""
| #define PACKAGE_URL ""
| #define STDC_HEADERS 1
| #define HAVE_SYS_TYPES_H 1
| #define HAVE_SYS_STAT_H 1
| #define HAVE_STDLIB_H 1
| #define HAVE_STRING_H 1
| #define HAVE_MEMORY_H 1
| #define HAVE_STRINGS_H 1
| #define HAVE_INTTYPES_H 1
| #define HAVE_STDINT_H 1
| #define HAVE_UNISTD_H 1
| #define __EXTENSIONS__ 1
| #define _ALL_SOURCE 1
| #define _GNU_SOURCE 1
| #define _POSIX_PTHREAD_SEMANTICS 1
| #define _TANDEM_SOURCE 1
| #define STDC_HEADERS 1
| #define HAVE_STRING_H 1
| #define HAVE_LIMITS_H 1
| #define HAVE_UNISTD_H 1
| #define HAVE_SYS_SOCKET_H 1
| #define HAVE_PWD_H 1
| #define HAVE_GRP_H 1
| #define HAVE_STRINGS_H 1
| #define HAVE_SYS_PRCTL_H 1
| #define HAVE_SYS_SEM_H 1
| #define HAVE_SYS_WAIT_H 1
| /* end confdefs.h.  */
| 
| /* Override any GCC internal prototype to avoid an error.
|    Use char because int might match the return type of a GCC
|    builtin and then its argument prototype would still apply.  */
| #ifdef __cplusplus
| extern "C"
| #endif
| char sqrt ();
| int
| main ()
| {
| return sqrt ();
|   ;
|   return 0;
| }
configure:7023: gcc -o conftest  -g -O2 -pthread  -DLINUX=2 -D_REENTRANT -D_GNU_SOURCE   conftest.c -lm   >&5
conftest.c:42:6: warning: conflicting types for built-in function 'sqrt'
configure:7023: $? = 0
configure:7040: result: -lm
configure:7051: checking for library containing crypt
configure:7082: gcc -o conftest  -g -O2 -pthread  -DLINUX=2 -D_REENTRANT -D_GNU_SOURCE   conftest.c  >&5
/tmp/ccYpOJFh.o: In function `main':
/home/parallels/src/httpd-2.2.22/conftest.c:46: undefined reference to `crypt'
collect2: ld returned 1 exit status
configure:7082: $? = 1
configure: failed program was:
| /* confdefs.h */
| #define PACKAGE_NAME ""
| #define PACKAGE_TARNAME ""
| #define PACKAGE_VERSION ""
| #define PACKAGE_STRING ""
| #define PACKAGE_BUGREPORT ""
| #define PACKAGE_URL ""
| #define STDC_HEADERS 1
| #define HAVE_SYS_TYPES_H 1
| #define HAVE_SYS_STAT_H 1
| #define HAVE_STDLIB_H 1
| #define HAVE_STRING_H 1
| #define HAVE_MEMORY_H 1
| #define HAVE_STRINGS_H 1
| #define HAVE_INTTYPES_H 1
| #define HAVE_STDINT_H 1
| #define HAVE_UNISTD_H 1
| #define __EXTENSIONS__ 1
| #define _ALL_SOURCE 1
| #define _GNU_SOURCE 1
| #define _POSIX_PTHREAD_SEMANTICS 1
| #define _TANDEM_SOURCE 1
| #define STDC_HEADERS 1
| #define HAVE_STRING_H 1
| #define HAVE_LIMITS_H 1
| #define HAVE_UNISTD_H 1
| #define HAVE_SYS_SOCKET_H 1
| #define HAVE_PWD_H 1
| #define HAVE_GRP_H 1
| #define HAVE_STRINGS_H 1
| #define HAVE_SYS_PRCTL_H 1
| #define HAVE_SYS_SEM_H 1
| #define HAVE_SYS_WAIT_H 1
| /* end confdefs.h.  */
| 
| /* Override any GCC internal prototype to avoid an error.
|    Use char because int might match the return type of a GCC
|    builtin and then its argument prototype would still apply.  */
| #ifdef __cplusplus
| extern "C"
| #endif
| char crypt ();
| int
| main ()
| {
| return crypt ();
|   ;
|   return 0;
| }
configure:7082: gcc -o conftest  -g -O2 -pthread  -DLINUX=2 -D_REENTRANT -D_GNU_SOURCE   conftest.c -lcrypt   >&5
configure:7082: $? = 0
configure:7099: result: -lcrypt
configure:7126: checking for getpwnam
configure:7126: gcc -o conftest  -g -O2 -pthread  -DLINUX=2 -D_REENTRANT -D_GNU_SOURCE   conftest.c -lm  >&5
configure:7126: $? = 0
configure:7126: result: yes
configure:7126: checking for getgrnam
configure:7126: gcc -o conftest  -g -O2 -pthread  -DLINUX=2 -D_REENTRANT -D_GNU_SOURCE   conftest.c -lm  >&5
configure:7126: $? = 0
configure:7126: result: yes
configure:7126: checking for initgroups
configure:7126: gcc -o conftest  -g -O2 -pthread  -DLINUX=2 -D_REENTRANT -D_GNU_SOURCE   conftest.c -lm  >&5
configure:7126: $? = 0
configure:7126: result: yes
configure:7126: checking for bindprocessor
configure:7126: gcc -o conftest  -g -O2 -pthread  -DLINUX=2 -D_REENTRANT -D_GNU_SOURCE   conftest.c -lm  >&5
/tmp/ccXE0CRA.o: In function `main':
/home/parallels/src/httpd-2.2.22/conftest.c:72: undefined reference to `bindprocessor'
collect2: ld returned 1 exit status
configure:7126: $? = 1
configure: failed program was:
| /* confdefs.h */
| #define PACKAGE_NAME ""
| #define PACKAGE_TARNAME ""
| #define PACKAGE_VERSION ""
| #define PACKAGE_STRING ""
| #define PACKAGE_BUGREPORT ""
| #define PACKAGE_URL ""
| #define STDC_HEADERS 1
| #define HAVE_SYS_TYPES_H 1
| #define HAVE_SYS_STAT_H 1
| #define HAVE_STDLIB_H 1
| #define HAVE_STRING_H 1
| #define HAVE_MEMORY_H 1
| #define HAVE_STRINGS_H 1
| #define HAVE_INTTYPES_H 1
| #define HAVE_STDINT_H 1
| #define HAVE_UNISTD_H 1
| #define __EXTENSIONS__ 1
| #define _ALL_SOURCE 1
| #define _GNU_SOURCE 1
| #define _POSIX_PTHREAD_SEMANTICS 1
| #define _TANDEM_SOURCE 1
| #define STDC_HEADERS 1
| #define HAVE_STRING_H 1
| #define HAVE_LIMITS_H 1
| #define HAVE_UNISTD_H 1
| #define HAVE_SYS_SOCKET_H 1
| #define HAVE_PWD_H 1
| #define HAVE_GRP_H 1
| #define HAVE_STRINGS_H 1
| #define HAVE_SYS_PRCTL_H 1
| #define HAVE_SYS_SEM_H 1
| #define HAVE_SYS_WAIT_H 1
| #define HAVE_GETPWNAM 1
| #define HAVE_GETGRNAM 1
| #define HAVE_INITGROUPS 1
| /* end confdefs.h.  */
| /* Define bindprocessor to an innocuous variant, in case <limits.h> declares bindprocessor.
|    For example, HP-UX 11i <limits.h> declares gettimeofday.  */
| #define bindprocessor innocuous_bindprocessor
| 
| /* System header to define __stub macros and hopefully few prototypes,
|     which can conflict with char bindprocessor (); below.
|     Prefer <limits.h> to <assert.h> if __STDC__ is defined, since
|     <limits.h> exists even on freestanding compilers.  */
| 
| #ifdef __STDC__
| # include <limits.h>
| #else
| # include <assert.h>
| #endif
| 
| #undef bindprocessor
| 
| /* Override any GCC internal prototype to avoid an error.
|    Use char because int might match the return type of a GCC
|    builtin and then its argument prototype would still apply.  */
| #ifdef __cplusplus
| extern "C"
| #endif
| char bindprocessor ();
| /* The GNU C library defines this for functions which it implements
|     to always fail with ENOSYS.  Some functions are actually named
|     something starting with __ and the normal name is an alias.  */
| #if defined __stub_bindprocessor || defined __stub___bindprocessor
| choke me
| #endif
| 
| int
| main ()
| {
| return bindprocessor ();
|   ;
|   return 0;
| }
configure:7126: result: no
configure:7126: checking for prctl
configure:7126: gcc -o conftest  -g -O2 -pthread  -DLINUX=2 -D_REENTRANT -D_GNU_SOURCE   conftest.c -lm  >&5
configure:7126: $? = 0
configure:7126: result: yes
configure:7126: checking for timegm
configure:7126: gcc -o conftest  -g -O2 -pthread  -DLINUX=2 -D_REENTRANT -D_GNU_SOURCE   conftest.c -lm  >&5
configure:7126: $? = 0
configure:7126: result: yes
configure:7126: checking for getpgid
configure:7126: gcc -o conftest  -g -O2 -pthread  -DLINUX=2 -D_REENTRANT -D_GNU_SOURCE   conftest.c -lm  >&5
configure:7126: $? = 0
configure:7126: result: yes
configure:7139: checking for void pointer length
configure:7155: gcc -o conftest  -g -O2 -pthread  -DLINUX=2 -D_REENTRANT -D_GNU_SOURCE   conftest.c -lm  >&5
configure:7155: $? = 0
configure:7155: ./conftest
configure:7155: $? = 0
configure:7165: result: no
configure:7173: checking for tm_gmtoff in struct tm
configure:7190: gcc -c  -g -O2 -pthread  -DLINUX=2 -D_REENTRANT -D_GNU_SOURCE conftest.c >&5
configure:7190: $? = 0
configure:7197: result: yes
configure:7430: checking whether to enable mod_authn_file
configure:7468: result: yes (default)
configure:7523: checking whether to enable mod_authn_dbm
configure:7561: result: no
configure:7616: checking whether to enable mod_authn_anon
configure:7654: result: no
configure:7709: checking whether to enable mod_authn_dbd
configure:7747: result: no
configure:7803: checking whether to enable mod_authn_default
configure:7841: result: yes (default)
configure:7897: checking whether to enable mod_authn_alias
configure:7935: result: no
configure:7991: checking whether to enable mod_authz_host
configure:8029: result: yes (default)
configure:8084: checking whether to enable mod_authz_groupfile
configure:8122: result: yes (default)
configure:8177: checking whether to enable mod_authz_user
configure:8215: result: yes (default)
configure:8270: checking whether to enable mod_authz_dbm
configure:8308: result: no
configure:8363: checking whether to enable mod_authz_owner
configure:8401: result: no
configure:8457: checking whether to enable mod_authnz_ldap
configure:8509: result: no
configure:8565: checking whether to enable mod_authz_default
configure:8603: result: yes (default)
configure:8660: checking whether to enable mod_auth_basic
configure:8698: result: yes (default)
configure:8753: checking whether to enable mod_auth_digest
configure:8830: result: no
configure:8911: checking whether to enable mod_isapi
configure:8949: result: no
configure:9030: checking whether to enable mod_file_cache
configure:9068: result: no
configure:9126: checking whether to enable mod_cache
configure:9164: result: no
configure:9219: checking whether to enable mod_disk_cache
configure:9257: result: no
configure:9312: checking whether to enable mod_mem_cache
configure:9350: result: no
configure:9430: checking whether to enable mod_dbd
configure:9468: result: no
configure:9548: checking whether to enable mod_bucketeer
configure:9586: result: no
configure:9641: checking whether to enable mod_dumpio
configure:9679: result: no
configure:9760: checking whether to enable mod_echo
configure:9798: result: no
configure:9878: checking whether to enable mod_example
configure:9916: result: no
configure:9971: checking whether to enable mod_case_filter
configure:10009: result: no
configure:10064: checking whether to enable mod_case_filter_in
configure:10102: result: no
configure:10183: checking whether to enable mod_reqtimeout
configure:10221: result: no
configure:10276: checking whether to enable mod_ext_filter
configure:10314: result: no
configure:10369: checking whether to enable mod_include
configure:10407: result: yes (default)
configure:10462: checking whether to enable mod_filter
configure:10500: result: yes (default)
configure:10555: checking whether to enable mod_substitute
configure:10593: result: no
configure:10746: checking whether to enable mod_charset_lite
configure:10784: result: no
configure:10842: checking whether to enable mod_deflate
configure:11072: result: no
configure:11154: checking whether to enable mod_ldap
configure:11206: result: no
configure:11287: checking whether to enable mod_log_config
configure:11325: result: yes (default)
configure:11380: checking whether to enable mod_log_forensic
configure:11418: result: no
configure:11499: checking whether to enable mod_logio
configure:11537: result: no
configure:11618: checking whether to enable mod_env
configure:11656: result: yes (default)
configure:11711: checking whether to enable mod_mime_magic
configure:11749: result: no
configure:11804: checking whether to enable mod_cern_meta
configure:11842: result: no
configure:11897: checking whether to enable mod_expires
configure:11935: result: no
configure:11990: checking whether to enable mod_headers
configure:12028: result: no
configure:12083: checking whether to enable mod_ident
configure:12121: result: no
configure:12177: checking whether to enable mod_usertrack
configure:12250: result: no
configure:12306: checking whether to enable mod_unique_id
configure:12344: result: no
configure:12399: checking whether to enable mod_setenvif
configure:12437: result: yes (default)
configure:12492: checking whether to enable mod_version
configure:12530: result: yes (default)
configure:12619: checking whether to enable mod_proxy
configure:12657: result: no
configure:12733: checking whether to enable mod_proxy_connect
configure:12771: result: no
configure:12826: checking whether to enable mod_proxy_ftp
configure:12864: result: no
configure:12919: checking whether to enable mod_proxy_http
configure:12957: result: no
configure:13012: checking whether to enable mod_proxy_scgi
configure:13050: result: no
configure:13105: checking whether to enable mod_proxy_ajp
configure:13143: result: no
configure:13198: checking whether to enable mod_proxy_balancer
configure:13236: result: no
configure:13341: checking whether to enable mod_ssl
configure:13998: result: no
configure:14102: checking whether to enable mod_optional_hook_export
configure:14140: result: no
configure:14195: checking whether to enable mod_optional_hook_import
configure:14233: result: no
configure:14288: checking whether to enable mod_optional_fn_import
configure:14326: result: no
configure:14381: checking whether to enable mod_optional_fn_export
configure:14419: result: no
configure:14512: checking for target platform
configure:14541: result: unix
configure:14573: checking for rlim_t
configure:14594: gcc -c  -g -O2 -pthread  -DLINUX=2 -D_REENTRANT -D_GNU_SOURCE conftest.c >&5
configure:14594: $? = 0
configure:14605: result: yes
configure:14617: checking sys/time.h usability
configure:14617: gcc -c  -g -O2 -pthread  -DLINUX=2 -D_REENTRANT -D_GNU_SOURCE conftest.c >&5
configure:14617: $? = 0
configure:14617: result: yes
configure:14617: checking sys/time.h presence
configure:14617: gcc -E  -DLINUX=2 -D_REENTRANT -D_GNU_SOURCE conftest.c
configure:14617: $? = 0
configure:14617: result: yes
configure:14617: checking for sys/time.h
configure:14617: result: yes
configure:14617: checking sys/resource.h usability
configure:14617: gcc -c  -g -O2 -pthread  -DLINUX=2 -D_REENTRANT -D_GNU_SOURCE conftest.c >&5
configure:14617: $? = 0
configure:14617: result: yes
configure:14617: checking sys/resource.h presence
configure:14617: gcc -E  -DLINUX=2 -D_REENTRANT -D_GNU_SOURCE conftest.c
configure:14617: $? = 0
configure:14617: result: yes
configure:14617: checking for sys/resource.h
configure:14617: result: yes
configure:14617: checking for sys/sem.h
configure:14617: result: yes
configure:14617: checking sys/ipc.h usability
configure:14617: gcc -c  -g -O2 -pthread  -DLINUX=2 -D_REENTRANT -D_GNU_SOURCE conftest.c >&5
configure:14617: $? = 0
configure:14617: result: yes
configure:14617: checking sys/ipc.h presence
configure:14617: gcc -E  -DLINUX=2 -D_REENTRANT -D_GNU_SOURCE conftest.c
configure:14617: $? = 0
configure:14617: result: yes
configure:14617: checking for sys/ipc.h
configure:14617: result: yes
configure:14632: checking for setsid
configure:14632: gcc -o conftest  -g -O2 -pthread  -DLINUX=2 -D_REENTRANT -D_GNU_SOURCE   conftest.c -lm  >&5
configure:14632: $? = 0
configure:14632: result: yes
configure:14632: checking for killpg
configure:14632: gcc -o conftest  -g -O2 -pthread  -DLINUX=2 -D_REENTRANT -D_GNU_SOURCE   conftest.c -lm  >&5
configure:14632: $? = 0
configure:14632: result: yes
configure:14649: checking bstring.h usability
configure:14649: gcc -c  -g -O2 -pthread  -DLINUX=2 -D_REENTRANT -D_GNU_SOURCE conftest.c >&5
conftest.c:82:21: fatal error: bstring.h: No such file or directory
compilation terminated.
configure:14649: $? = 1
configure: failed program was:
| /* confdefs.h */
| #define PACKAGE_NAME ""
| #define PACKAGE_TARNAME ""
| #define PACKAGE_VERSION ""
| #define PACKAGE_STRING ""
| #define PACKAGE_BUGREPORT ""
| #define PACKAGE_URL ""
| #define STDC_HEADERS 1
| #define HAVE_SYS_TYPES_H 1
| #define HAVE_SYS_STAT_H 1
| #define HAVE_STDLIB_H 1
| #define HAVE_STRING_H 1
| #define HAVE_MEMORY_H 1
| #define HAVE_STRINGS_H 1
| #define HAVE_INTTYPES_H 1
| #define HAVE_STDINT_H 1
| #define HAVE_UNISTD_H 1
| #define __EXTENSIONS__ 1
| #define _ALL_SOURCE 1
| #define _GNU_SOURCE 1
| #define _POSIX_PTHREAD_SEMANTICS 1
| #define _TANDEM_SOURCE 1
| #define STDC_HEADERS 1
| #define HAVE_STRING_H 1
| #define HAVE_LIMITS_H 1
| #define HAVE_UNISTD_H 1
| #define HAVE_SYS_SOCKET_H 1
| #define HAVE_PWD_H 1
| #define HAVE_GRP_H 1
| #define HAVE_STRINGS_H 1
| #define HAVE_SYS_PRCTL_H 1
| #define HAVE_SYS_SEM_H 1
| #define HAVE_SYS_WAIT_H 1
| #define HAVE_GETPWNAM 1
| #define HAVE_GETGRNAM 1
| #define HAVE_INITGROUPS 1
| #define HAVE_PRCTL 1
| #define HAVE_TIMEGM 1
| #define HAVE_GETPGID 1
| #define HAVE_GMTOFF 1
| #define AP_ENABLE_V4_MAPPED 1
| #define HAVE_SYS_TIME_H 1
| #define HAVE_SYS_RESOURCE_H 1
| #define HAVE_SYS_SEM_H 1
| #define HAVE_SYS_IPC_H 1
| #define HAVE_SETSID 1
| #define HAVE_KILLPG 1
| /* end confdefs.h.  */
| #include <stdio.h>
| #ifdef HAVE_SYS_TYPES_H
| # include <sys/types.h>
| #endif
| #ifdef HAVE_SYS_STAT_H
| # include <sys/stat.h>
| #endif
| #ifdef STDC_HEADERS
| # include <stdlib.h>
| # include <stddef.h>
| #else
| # ifdef HAVE_STDLIB_H
| #  include <stdlib.h>
| # endif
| #endif
| #ifdef HAVE_STRING_H
| # if !defined STDC_HEADERS && defined HAVE_MEMORY_H
| #  include <memory.h>
| # endif
| # include <string.h>
| #endif
| #ifdef HAVE_STRINGS_H
| # include <strings.h>
| #endif
| #ifdef HAVE_INTTYPES_H
| # include <inttypes.h>
| #endif
| #ifdef HAVE_STDINT_H
| # include <stdint.h>
| #endif
| #ifdef HAVE_UNISTD_H
| # include <unistd.h>
| #endif
| #include <bstring.h>
configure:14649: result: no
configure:14649: checking bstring.h presence
configure:14649: gcc -E  -DLINUX=2 -D_REENTRANT -D_GNU_SOURCE conftest.c
conftest.c:49:21: fatal error: bstring.h: No such file or directory
compilation terminated.
configure:14649: $? = 1
configure: failed program was:
| /* confdefs.h */
| #define PACKAGE_NAME ""
| #define PACKAGE_TARNAME ""
| #define PACKAGE_VERSION ""
| #define PACKAGE_STRING ""
| #define PACKAGE_BUGREPORT ""
| #define PACKAGE_URL ""
| #define STDC_HEADERS 1
| #define HAVE_SYS_TYPES_H 1
| #define HAVE_SYS_STAT_H 1
| #define HAVE_STDLIB_H 1
| #define HAVE_STRING_H 1
| #define HAVE_MEMORY_H 1
| #define HAVE_STRINGS_H 1
| #define HAVE_INTTYPES_H 1
| #define HAVE_STDINT_H 1
| #define HAVE_UNISTD_H 1
| #define __EXTENSIONS__ 1
| #define _ALL_SOURCE 1
| #define _GNU_SOURCE 1
| #define _POSIX_PTHREAD_SEMANTICS 1
| #define _TANDEM_SOURCE 1
| #define STDC_HEADERS 1
| #define HAVE_STRING_H 1
| #define HAVE_LIMITS_H 1
| #define HAVE_UNISTD_H 1
| #define HAVE_SYS_SOCKET_H 1
| #define HAVE_PWD_H 1
| #define HAVE_GRP_H 1
| #define HAVE_STRINGS_H 1
| #define HAVE_SYS_PRCTL_H 1
| #define HAVE_SYS_SEM_H 1
| #define HAVE_SYS_WAIT_H 1
| #define HAVE_GETPWNAM 1
| #define HAVE_GETGRNAM 1
| #define HAVE_INITGROUPS 1
| #define HAVE_PRCTL 1
| #define HAVE_TIMEGM 1
| #define HAVE_GETPGID 1
| #define HAVE_GMTOFF 1
| #define AP_ENABLE_V4_MAPPED 1
| #define HAVE_SYS_TIME_H 1
| #define HAVE_SYS_RESOURCE_H 1
| #define HAVE_SYS_SEM_H 1
| #define HAVE_SYS_IPC_H 1
| #define HAVE_SETSID 1
| #define HAVE_KILLPG 1
| /* end confdefs.h.  */
| #include <bstring.h>
configure:14649: result: no
configure:14649: checking for bstring.h
configure:14649: result: no
configure:14649: checking for unistd.h
configure:14649: result: yes
configure:14665: checking for syslog
configure:14665: gcc -o conftest  -g -O2 -pthread  -DLINUX=2 -D_REENTRANT -D_GNU_SOURCE   conftest.c -lm  >&5
configure:14665: $? = 0
configure:14665: result: yes
configure:14677: checking sys/times.h usability
configure:14677: gcc -c  -g -O2 -pthread  -DLINUX=2 -D_REENTRANT -D_GNU_SOURCE conftest.c >&5
configure:14677: $? = 0
configure:14677: result: yes
configure:14677: checking sys/times.h presence
configure:14677: gcc -E  -DLINUX=2 -D_REENTRANT -D_GNU_SOURCE conftest.c
configure:14677: $? = 0
configure:14677: result: yes
configure:14677: checking for sys/times.h
configure:14677: result: yes
configure:14689: checking for times
configure:14689: gcc -o conftest  -g -O2 -pthread  -DLINUX=2 -D_REENTRANT -D_GNU_SOURCE   conftest.c -lm  >&5
configure:14689: $? = 0
configure:14689: result: yes
configure:14699: checking which MPM to use
configure:14715: result: prefork
configure:15594: checking whether to enable mod_http
configure:15632: result: yes
configure:15687: checking whether to enable mod_mime
configure:15725: result: yes (default)
configure:15794: checking for extra modules
configure:15854: result: none
configure:15879: checking whether to enable mod_dav
configure:15917: result: no
configure:16025: checking whether to enable mod_status
configure:16063: result: yes (default)
configure:16118: checking whether to enable mod_autoindex
configure:16156: result: yes (default)
configure:16211: checking whether to enable mod_asis
configure:16249: result: yes (default)
configure:16304: checking whether to enable mod_info
configure:16342: result: no
configure:16397: checking whether to enable mod_suexec
configure:16447: result: no
configure:16705: checking whether to enable mod_cgi
configure:16743: result: yes (default)
configure:16798: checking whether to enable mod_cgid
configure:16836: result: no
configure:17079: checking whether to enable mod_dav_fs
configure:17117: result: no
configure:17207: checking whether to enable mod_dav_lock
configure:17245: result: no
configure:17326: checking whether to enable mod_vhost_alias
configure:17364: result: no
configure:17419: checking whether to enable mod_negotiation
configure:17457: result: yes (default)
configure:17512: checking whether to enable mod_dir
configure:17550: result: yes (default)
configure:17605: checking whether to enable mod_imagemap
configure:17643: result: no
configure:17698: checking whether to enable mod_actions
configure:17736: result: yes (default)
configure:17791: checking whether to enable mod_speling
configure:17829: result: no
configure:17884: checking whether to enable mod_userdir
configure:17922: result: yes (default)
configure:17977: checking whether to enable mod_alias
configure:18015: result: yes (default)
configure:18071: checking whether to enable mod_rewrite
configure:18109: result: no
configure:18248: checking whether to enable mod_so
configure:18286: result: yes
configure:19268: creating ./config.status

## ---------------------- ##
## Running config.status. ##
## ---------------------- ##

This file was extended by config.status, which was
generated by GNU Autoconf 2.64.  Invocation command line was

  CONFIG_FILES    = 
  CONFIG_HEADERS  = 
  CONFIG_LINKS    = 
  CONFIG_COMMANDS = 
  $ ./config.status 

on ubuntu

config.status:1119: creating docs/conf/httpd.conf
config.status:1119: creating docs/conf/extra/httpd-autoindex.conf
config.status:1119: creating docs/conf/extra/httpd-dav.conf
config.status:1119: creating docs/conf/extra/httpd-default.conf
config.status:1119: creating docs/conf/extra/httpd-info.conf
config.status:1119: creating docs/conf/extra/httpd-languages.conf
config.status:1119: creating docs/conf/extra/httpd-manual.conf
config.status:1119: creating docs/conf/extra/httpd-mpm.conf
config.status:1119: creating docs/conf/extra/httpd-multilang-errordoc.conf
config.status:1119: creating docs/conf/extra/httpd-ssl.conf
config.status:1119: creating docs/conf/extra/httpd-userdir.conf
config.status:1119: creating docs/conf/extra/httpd-vhosts.conf
config.status:1119: creating include/ap_config_layout.h
config.status:1119: creating support/apxs
config.status:1119: creating support/apachectl
config.status:1119: creating support/dbmmanage
config.status:1119: creating support/envvars-std
config.status:1119: creating support/log_server_status
config.status:1119: creating support/logresolve.pl
config.status:1119: creating support/phf_abuse_log.cgi
config.status:1119: creating support/split-logfile
config.status:1119: creating build/rules.mk
config.status:1119: creating build/pkg/pkginfo
config.status:1119: creating build/config_vars.sh
config.status:1119: creating include/ap_config_auto.h
config.status:1294: executing default commands

## ---------------- ##
## Cache variables. ##
## ---------------- ##

ac_cv_build=x86_64-unknown-linux-gnu
ac_cv_c_compiler_gnu=yes
ac_cv_c_const=yes
ac_cv_define_APR_HAS_DSO=yes
ac_cv_define_APR_HAVE_IPV6=yes
ac_cv_env_CC_set=
ac_cv_env_CC_value=
ac_cv_env_CFLAGS_set=
ac_cv_env_CFLAGS_value=
ac_cv_env_CPPFLAGS_set=
ac_cv_env_CPPFLAGS_value=
ac_cv_env_CPP_set=
ac_cv_env_CPP_value=
ac_cv_env_LDFLAGS_set=
ac_cv_env_LDFLAGS_value=
ac_cv_env_LIBS_set=
ac_cv_env_LIBS_value=
ac_cv_env_build_alias_set=
ac_cv_env_build_alias_value=
ac_cv_env_host_alias_set=
ac_cv_env_host_alias_value=
ac_cv_env_target_alias_set=
ac_cv_env_target_alias_value=
ac_cv_func_bindprocessor=no
ac_cv_func_getgrnam=yes
ac_cv_func_getpgid=yes
ac_cv_func_getpwnam=yes
ac_cv_func_initgroups=yes
ac_cv_func_killpg=yes
ac_cv_func_prctl=yes
ac_cv_func_setsid=yes
ac_cv_func_syslog=yes
ac_cv_func_timegm=yes
ac_cv_func_times=yes
ac_cv_header_bstring_h=no
ac_cv_header_grp_h=yes
ac_cv_header_inttypes_h=yes
ac_cv_header_limits_h=yes
ac_cv_header_memory_h=yes
ac_cv_header_minix_config_h=no
ac_cv_header_pwd_h=yes
ac_cv_header_stdc=yes
ac_cv_header_stdint_h=yes
ac_cv_header_stdlib_h=yes
ac_cv_header_string_h=yes
ac_cv_header_strings_h=yes
ac_cv_header_sys_ipc_h=yes
ac_cv_header_sys_prctl_h=yes
ac_cv_header_sys_processor_h=no
ac_cv_header_sys_resource_h=yes
ac_cv_header_sys_sem_h=yes
ac_cv_header_sys_socket_h=yes
ac_cv_header_sys_stat_h=yes
ac_cv_header_sys_time_h=yes
ac_cv_header_sys_times_h=yes
ac_cv_header_sys_types_h=yes
ac_cv_header_sys_wait_h=yes
ac_cv_header_unistd_h=yes
ac_cv_host=x86_64-unknown-linux-gnu
ac_cv_mkdir_p=yes
ac_cv_objext=o
ac_cv_path_EGREP='/bin/grep -E'
ac_cv_path_GREP=/bin/grep
ac_cv_path_PKGCONFIG=/usr/bin/pkg-config
ac_cv_path_RM=/bin/rm
ac_cv_path_RSYNC=/usr/bin/rsync
ac_cv_prog_AWK=mawk
ac_cv_prog_CPP='gcc -E'
ac_cv_prog_LYNX_PATH=lynx
ac_cv_prog_ac_ct_CC=gcc
ac_cv_prog_ac_ct_RANLIB=ranlib
ac_cv_prog_cc_c89=
ac_cv_prog_cc_g=yes
ac_cv_safe_to_define___extensions__=yes
ac_cv_search_crypt=-lcrypt
ac_cv_search_sqrt=-lm
ac_cv_search_strerror='none required'
ac_cv_struct_tm_gmtoff=yes
ac_cv_target=x86_64-unknown-linux-gnu
ac_cv_type_rlim_t=yes
ap_cv_void_ptr_lt_long=no
apache_cv_mpm=prefork

## ----------------- ##
## Output variables. ##
## ----------------- ##

APACHECTL_ULIMIT='ulimit -S -n `ulimit -H -n`'
APR_BINDIR='/usr/local/apache2/bin'
APR_CONFIG='/usr/local/apache2/bin/apr-1-config'
APR_INCLUDEDIR='/home/parallels/src/httpd-2.2.22/srclib/apr/include'
APR_VERSION='1.4.5'
APU_BINDIR='/usr/local/apache2/bin'
APU_CONFIG='/usr/local/apache2/bin/apu-1-config'
APU_INCLUDEDIR='/home/parallels/src/httpd-2.2.22/srclib/apr-util/include'
APU_VERSION='1.4.1'
AP_BUILD_SRCLIB_DIRS='apr  apr-util pcre'
AP_CLEAN_SRCLIB_DIRS='apr-util  apr pcre'
AP_LIBS='/home/parallels/src/httpd-2.2.22/srclib/pcre/libpcre.la  /home/parallels/src/httpd-2.2.22/srclib/apr-util/libaprutil-1.la     /home/parallels/src/httpd-2.2.22/srclib/apr-util/xml/expat/libexpat.la  /home/parallels/src/httpd-2.2.22/srclib/apr/libapr-1.la -lrt -lcrypt  -lpthread -ldl'
AWK='mawk'
BUILTIN_LIBS=' modules/aaa/libmod_authn_file.la modules/aaa/libmod_authn_default.la modules/aaa/libmod_authz_host.la modules/aaa/libmod_authz_groupfile.la modules/aaa/libmod_authz_user.la modules/aaa/libmod_authz_default.la modules/aaa/libmod_auth_basic.la modules/filters/libmod_include.la modules/filters/libmod_filter.la modules/loggers/libmod_log_config.la modules/metadata/libmod_env.la modules/metadata/libmod_setenvif.la modules/metadata/libmod_version.la modules/http/libmod_http.la modules/http/libmod_mime.la modules/generators/libmod_status.la modules/generators/libmod_autoindex.la modules/generators/libmod_asis.la modules/generators/libmod_cgi.la modules/mappers/libmod_negotiation.la modules/mappers/libmod_dir.la modules/mappers/libmod_actions.la modules/mappers/libmod_userdir.la modules/mappers/libmod_alias.la modules/mappers/libmod_so.la'
CC='gcc'
CFLAGS=''
CORE_IMPLIB=''
CORE_IMPLIB_FILE=''
CPP='gcc -E'
CPPFLAGS=''
CRYPT_LIBS='-lcrypt '
CXX=''
CXXFLAGS=''
DEFS='-DHAVE_CONFIG_H'
DSO_MODULES=''
ECHO_C=''
ECHO_N='-n'
ECHO_T=''
EGREP='/bin/grep -E'
EXEEXT=''
EXTRA_CFLAGS=' -g -O2 -pthread'
EXTRA_CPPFLAGS=' -DLINUX=2 -D_REENTRANT -D_GNU_SOURCE'
EXTRA_CXXFLAGS=''
EXTRA_INCLUDES='-I$(top_builddir)/srclib/pcre -I. -I$(top_srcdir)/os/$(OS_DIR) -I$(top_srcdir)/server/mpm/$(MPM_SUBDIR_NAME) -I$(top_srcdir)/modules/http -I$(top_srcdir)/modules/filters -I$(top_srcdir)/modules/proxy -I$(top_srcdir)/include -I$(top_srcdir)/modules/generators -I$(top_srcdir)/modules/mappers -I$(top_srcdir)/modules/database -I/home/parallels/src/httpd-2.2.22/srclib/apr/include -I/home/parallels/src/httpd-2.2.22/srclib/apr-util/include -I/home/parallels/src/httpd-2.2.22/srclib/apr-util/xml/expat/lib -I$(top_srcdir)/modules/proxy/../generators -I$(top_srcdir)/modules/ssl -I$(top_srcdir)/modules/dav/main'
EXTRA_LDFLAGS=' '
EXTRA_LIBS='-lm '
GREP='/bin/grep'
HTTPD_LDFLAGS='-export-dynamic'
HTTPD_VERSION='2.2.22'
INCLUDES=''
INSTALL='$(LIBTOOL) --mode=install $(abs_srcdir)/build/install.sh -c'
INSTALL_DSO='yes'
INSTALL_PROG_FLAGS=''
LDFLAGS=''
LIBOBJS=''
LIBS=''
LIBTOOL='/home/parallels/src/httpd-2.2.22/srclib/apr/libtool $(LTFLAGS)'
LN_S='ln -s'
LTCFLAGS='-prefer-non-pic -static'
LTFLAGS='--silent'
LTLIBOBJS=''
LT_LDFLAGS=''
LYNX_PATH='lynx'
MKDEP='$(CC) -MM'
MKINSTALLDIRS='$(abs_srcdir)/build/mkdir.sh'
MK_IMPLIB=''
MODULE_CLEANDIRS=' arch/win32 cache database debug echo experimental ldap proxy ssl test dav/main dav/fs dav/lock'
MODULE_DIRS=' aaa filters loggers metadata http generators mappers'
MOD_ACTIONS_LDADD=''
MOD_ALIAS_LDADD=''
MOD_ASIS_LDADD=''
MOD_AUTHNZ_LDAP_LDADD=''
MOD_AUTHN_ALIAS_LDADD=''
MOD_AUTHN_ANON_LDADD=''
MOD_AUTHN_DBD_LDADD=''
MOD_AUTHN_DBM_LDADD=''
MOD_AUTHN_DEFAULT_LDADD=''
MOD_AUTHN_FILE_LDADD=''
MOD_AUTHZ_DBM_LDADD=''
MOD_AUTHZ_DEFAULT_LDADD=''
MOD_AUTHZ_GROUPFILE_LDADD=''
MOD_AUTHZ_HOST_LDADD=''
MOD_AUTHZ_OWNER_LDADD=''
MOD_AUTHZ_USER_LDADD=''
MOD_AUTH_BASIC_LDADD=''
MOD_AUTH_DIGEST_LDADD=''
MOD_AUTOINDEX_LDADD=''
MOD_BUCKETEER_LDADD=''
MOD_CACHE_LDADD=''
MOD_CASE_FILTER_IN_LDADD=''
MOD_CASE_FILTER_LDADD=''
MOD_CERN_META_LDADD=''
MOD_CGID_LDADD=''
MOD_CGI_LDADD=''
MOD_CHARSET_LITE_LDADD=''
MOD_DAV_FS_LDADD=''
MOD_DAV_LDADD=''
MOD_DAV_LOCK_LDADD=''
MOD_DBD_LDADD=''
MOD_DEFLATE_LDADD=''
MOD_DIR_LDADD=''
MOD_DISK_CACHE_LDADD=''
MOD_DUMPIO_LDADD=''
MOD_ECHO_LDADD=''
MOD_ENV_LDADD=''
MOD_EXAMPLE_LDADD=''
MOD_EXPIRES_LDADD=''
MOD_EXT_FILTER_LDADD=''
MOD_FILE_CACHE_LDADD=''
MOD_FILTER_LDADD=''
MOD_HEADERS_LDADD=''
MOD_HTTP_LDADD=''
MOD_IDENT_LDADD=''
MOD_IMAGEMAP_LDADD=''
MOD_INCLUDE_LDADD=''
MOD_INFO_LDADD=''
MOD_ISAPI_LDADD=''
MOD_LDAP_LDADD=''
MOD_LOGIO_LDADD=''
MOD_LOG_CONFIG_LDADD=''
MOD_LOG_FORENSIC_LDADD=''
MOD_MEM_CACHE_LDADD=''
MOD_MIME_LDADD=''
MOD_MIME_MAGIC_LDADD=''
MOD_NEGOTIATION_LDADD=''
MOD_OPTIONAL_FN_EXPORT_LDADD=''
MOD_OPTIONAL_FN_IMPORT_LDADD=''
MOD_OPTIONAL_HOOK_EXPORT_LDADD=''
MOD_OPTIONAL_HOOK_IMPORT_LDADD=''
MOD_PROXY_AJP_LDADD=''
MOD_PROXY_BALANCER_LDADD=''
MOD_PROXY_CONNECT_LDADD=''
MOD_PROXY_FTP_LDADD=''
MOD_PROXY_HTTP_LDADD=''
MOD_PROXY_LDADD=''
MOD_PROXY_SCGI_LDADD=''
MOD_REQTIMEOUT_LDADD=''
MOD_REWRITE_LDADD=''
MOD_SETENVIF_LDADD=''
MOD_SO_LDADD=''
MOD_SPELING_LDADD=''
MOD_SSL_LDADD=''
MOD_STATUS_LDADD=''
MOD_SUBSTITUTE_LDADD=''
MOD_SUEXEC_LDADD=''
MOD_UNIQUE_ID_LDADD=''
MOD_USERDIR_LDADD=''
MOD_USERTRACK_LDADD=''
MOD_VERSION_LDADD=''
MOD_VHOST_ALIAS_LDADD=''
MPM_LIB='server/mpm/prefork/libprefork.la'
MPM_NAME='prefork'
MPM_SUBDIR_NAME='prefork'
NONPORTABLE_SUPPORT='checkgid'
NOTEST_CFLAGS=''
NOTEST_CPPFLAGS=''
NOTEST_CXXFLAGS=''
NOTEST_LDFLAGS=''
NOTEST_LIBS=''
OBJEXT='o'
OS='unix'
OS_DIR='unix'
OS_SPECIFIC_VARS=''
PACKAGE_BUGREPORT=''
PACKAGE_NAME=''
PACKAGE_STRING=''
PACKAGE_TARNAME=''
PACKAGE_URL=''
PACKAGE_VERSION=''
PATH_SEPARATOR=':'
PCRE_CONFIG='false'
PICFLAGS=''
PILDFLAGS=''
PKGCONFIG='/usr/bin/pkg-config'
PORT='80'
POST_SHARED_CMDS='echo ""'
PRE_SHARED_CMDS='echo ""'
RANLIB='ranlib'
RM='/bin/rm'
RSYNC='/usr/bin/rsync'
SHELL='/bin/bash'
SHLIBPATH_VAR='LD_LIBRARY_PATH'
SHLTCFLAGS='-prefer-pic'
SH_LDFLAGS=''
SH_LIBS=''
SH_LIBTOOL='$(LIBTOOL)'
SSLPORT='443'
SSL_LIBS=''
UTIL_LDFLAGS=''
ab_LTFLAGS=''
abs_srcdir='/home/parallels/src/httpd-2.2.22'
ac_ct_CC='gcc'
ap_make_delimiter=' '
ap_make_include='include'
bindir='${exec_prefix}/bin'
build='x86_64-unknown-linux-gnu'
build_alias=''
build_cpu='x86_64'
build_os='linux-gnu'
build_vendor='unknown'
cgidir='${datadir}/cgi-bin'
checkgid_LTFLAGS=''
datadir='${prefix}'
datarootdir='${prefix}/share'
docdir='${datarootdir}/doc/${PACKAGE}'
dvidir='${docdir}'
errordir='${datadir}/error'
exec_prefix='${prefix}'
exp_bindir='/usr/local/apache2/bin'
exp_cgidir='/usr/local/apache2/cgi-bin'
exp_datadir='/usr/local/apache2'
exp_errordir='/usr/local/apache2/error'
exp_exec_prefix='/usr/local/apache2'
exp_htdocsdir='/usr/local/apache2/htdocs'
exp_iconsdir='/usr/local/apache2/icons'
exp_includedir='/usr/local/apache2/include'
exp_installbuilddir='/usr/local/apache2/build'
exp_libdir='/usr/local/apache2/lib'
exp_libexecdir='/usr/local/apache2/modules'
exp_localstatedir='/usr/local/apache2'
exp_logfiledir='/usr/local/apache2/logs'
exp_mandir='/usr/local/apache2/man'
exp_manualdir='/usr/local/apache2/manual'
exp_proxycachedir='/usr/local/apache2/proxy'
exp_runtimedir='/usr/local/apache2/logs'
exp_sbindir='/usr/local/apache2/bin'
exp_sysconfdir='/usr/local/apache2/conf'
host='x86_64-unknown-linux-gnu'
host_alias=''
host_cpu='x86_64'
host_os='linux-gnu'
host_vendor='unknown'
htcacheclean_LTFLAGS=''
htdbm_LTFLAGS=''
htdigest_LTFLAGS=''
htdocsdir='${datadir}/htdocs'
htmldir='${docdir}'
htpasswd_LTFLAGS=''
httxt2dbm_LTFLAGS=''
iconsdir='${datadir}/icons'
includedir='${prefix}/include'
infodir='${datarootdir}/info'
installbuilddir='${datadir}/build'
libdir='${exec_prefix}/lib'
libexecdir='${exec_prefix}/modules'
localedir='${datarootdir}/locale'
localstatedir='${prefix}'
logfiledir='${localstatedir}/logs'
logresolve_LTFLAGS=''
mandir='${prefix}/man'
manualdir='${datadir}/manual'
nonssl_listen_stmt_1=''
nonssl_listen_stmt_2=''
oldincludedir='/usr/include'
other_targets=''
pdfdir='${docdir}'
perlbin='/usr/bin/perl'
prefix='/usr/local/apache2'
progname='httpd'
program_transform_name='s,x,x,'
proxycachedir='${localstatedir}/proxy'
psdir='${docdir}'
rel_bindir='bin'
rel_cgidir='cgi-bin'
rel_datadir=''
rel_errordir='error'
rel_exec_prefix=''
rel_htdocsdir='htdocs'
rel_iconsdir='icons'
rel_includedir='include'
rel_installbuilddir='build'
rel_libdir='lib'
rel_libexecdir='modules'
rel_localstatedir=''
rel_logfiledir='logs'
rel_mandir='man'
rel_manualdir='manual'
rel_proxycachedir='proxy'
rel_runtimedir='logs'
rel_sbindir='bin'
rel_sysconfdir='conf'
rotatelogs_LTFLAGS=''
runtimedir='${localstatedir}/logs'
sbindir='${exec_prefix}/bin'
shared_build=''
sharedstatedir='${prefix}/com'
sysconfdir='${prefix}/conf'
target='x86_64-unknown-linux-gnu'
target_alias=''
target_cpu='x86_64'
target_os='linux-gnu'
target_vendor='unknown'

## ----------- ##
## confdefs.h. ##
## ----------- ##

/* confdefs.h */
#define PACKAGE_NAME ""
#define PACKAGE_TARNAME ""
#define PACKAGE_VERSION ""
#define PACKAGE_STRING ""
#define PACKAGE_BUGREPORT ""
#define PACKAGE_URL ""
#define STDC_HEADERS 1
#define HAVE_SYS_TYPES_H 1
#define HAVE_SYS_STAT_H 1
#define HAVE_STDLIB_H 1
#define HAVE_STRING_H 1
#define HAVE_MEMORY_H 1
#define HAVE_STRINGS_H 1
#define HAVE_INTTYPES_H 1
#define HAVE_STDINT_H 1
#define HAVE_UNISTD_H 1
#define __EXTENSIONS__ 1
#define _ALL_SOURCE 1
#define _GNU_SOURCE 1
#define _POSIX_PTHREAD_SEMANTICS 1
#define _TANDEM_SOURCE 1
#define STDC_HEADERS 1
#define HAVE_STRING_H 1
#define HAVE_LIMITS_H 1
#define HAVE_UNISTD_H 1
#define HAVE_SYS_SOCKET_H 1
#define HAVE_PWD_H 1
#define HAVE_GRP_H 1
#define HAVE_STRINGS_H 1
#define HAVE_SYS_PRCTL_H 1
#define HAVE_SYS_SEM_H 1
#define HAVE_SYS_WAIT_H 1
#define HAVE_GETPWNAM 1
#define HAVE_GETGRNAM 1
#define HAVE_INITGROUPS 1
#define HAVE_PRCTL 1
#define HAVE_TIMEGM 1
#define HAVE_GETPGID 1
#define HAVE_GMTOFF 1
#define AP_ENABLE_V4_MAPPED 1
#define HAVE_SYS_TIME_H 1
#define HAVE_SYS_RESOURCE_H 1
#define HAVE_SYS_SEM_H 1
#define HAVE_SYS_IPC_H 1
#define HAVE_SETSID 1
#define HAVE_KILLPG 1
#define HAVE_UNISTD_H 1
#define HAVE_SYSLOG 1
#define HAVE_SYS_TIMES_H 1
#define HAVE_TIMES 1
#define AP_USING_AUTOCONF 1
#define SINGLE_LISTEN_UNSERIALIZED_ACCEPT 1
#define AP_NONBLOCK_WHEN_MULTI_LISTEN 1
#define HTTPD_ROOT "/usr/local/apache2"
#define SERVER_CONFIG_FILE "conf/httpd.conf"
#define AP_TYPES_CONFIG_FILE "conf/mime.types"
#define APACHE_MPM_DIR "server/mpm/prefork"

configure: exit 0
